This file contains any messages produced by compilers while
running configure, to aid debugging if configure makes a mistake.

It was created by configure, which was
generated by GNU Autoconf 2.69.  Invocation command line was

  $ ../configure 

## --------- ##
## Platform. ##
## --------- ##

hostname = smueller-Legion-T730-28ICO
uname -m = x86_64
uname -r = 5.8.0-50-generic
uname -s = Linux
uname -v = #56~20.04.1-Ubuntu SMP Mon Apr 12 21:46:35 UTC 2021

/usr/bin/uname -p = x86_64
/bin/uname -X     = unknown

/bin/arch              = x86_64
/usr/bin/arch -k       = unknown
/usr/convex/getsysinfo = unknown
/usr/bin/hostinfo      = unknown
/bin/machine           = unknown
/usr/bin/oslevel       = unknown
/bin/universe          = unknown

PATH: /home/smueller/.local/bin
PATH: /usr/local/sbin
PATH: /usr/local/bin
PATH: /usr/sbin
PATH: /usr/bin
PATH: /sbin
PATH: /bin
PATH: /usr/games
PATH: /usr/local/games
PATH: /snap/bin


## ----------- ##
## Core tests. ##
## ----------- ##

configure:2455: checking build system type
configure:2469: result: x86_64-unknown-linux-gnu
configure:2489: checking host system type
configure:2502: result: x86_64-unknown-linux-gnu
configure:2543: checking how to print strings
configure:2570: result: printf
configure:2639: checking for gcc
configure:2655: found /usr/bin/gcc
configure:2666: result: gcc
configure:2895: checking for C compiler version
configure:2904: gcc --version >&5
gcc (Ubuntu 9.3.0-17ubuntu1~20.04) 9.3.0
Copyright (C) 2019 Free Software Foundation, Inc.
This is free software; see the source for copying conditions.  There is NO
warranty; not even for MERCHANTABILITY or FITNESS FOR A PARTICULAR PURPOSE.

configure:2915: $? = 0
configure:2904: gcc -v >&5
Using built-in specs.
COLLECT_GCC=gcc
COLLECT_LTO_WRAPPER=/usr/lib/gcc/x86_64-linux-gnu/9/lto-wrapper
OFFLOAD_TARGET_NAMES=nvptx-none:hsa
OFFLOAD_TARGET_DEFAULT=1
Target: x86_64-linux-gnu
Configured with: ../src/configure -v --with-pkgversion='Ubuntu 9.3.0-17ubuntu1~20.04' --with-bugurl=file:///usr/share/doc/gcc-9/README.Bugs --enable-languages=c,ada,c++,go,brig,d,fortran,objc,obj-c++,gm2 --prefix=/usr --with-gcc-major-version-only --program-suffix=-9 --program-prefix=x86_64-linux-gnu- --enable-shared --enable-linker-build-id --libexecdir=/usr/lib --without-included-gettext --enable-threads=posix --libdir=/usr/lib --enable-nls --enable-clocale=gnu --enable-libstdcxx-debug --enable-libstdcxx-time=yes --with-default-libstdcxx-abi=new --enable-gnu-unique-object --disable-vtable-verify --enable-plugin --enable-default-pie --with-system-zlib --with-target-system-zlib=auto --enable-objc-gc=auto --enable-multiarch --disable-werror --with-arch-32=i686 --with-abi=m64 --with-multilib-list=m32,m64,mx32 --enable-multilib --with-tune=generic --enable-offload-targets=nvptx-none=/build/gcc-9-HskZEa/gcc-9-9.3.0/debian/tmp-nvptx/usr,hsa --without-cuda-driver --enable-checking=release --build=x86_64-linux-gnu --host=x86_64-linux-gnu --target=x86_64-linux-gnu
Thread model: posix
gcc version 9.3.0 (Ubuntu 9.3.0-17ubuntu1~20.04) 
configure:2915: $? = 0
configure:2904: gcc -V >&5
gcc: error: unrecognized command line option '-V'
gcc: fatal error: no input files
compilation terminated.
configure:2915: $? = 1
configure:2904: gcc -qversion >&5
gcc: error: unrecognized command line option '-qversion'; did you mean '--version'?
gcc: fatal error: no input files
compilation terminated.
configure:2915: $? = 1
configure:2935: checking whether the C compiler works
configure:2957: gcc    conftest.c  >&5
configure:2961: $? = 0
configure:3009: result: yes
configure:3012: checking for C compiler default output file name
configure:3014: result: a.out
configure:3020: checking for suffix of executables
configure:3027: gcc -o conftest    conftest.c  >&5
configure:3031: $? = 0
configure:3053: result: 
configure:3075: checking whether we are cross compiling
configure:3083: gcc -o conftest    conftest.c  >&5
configure:3087: $? = 0
configure:3094: ./conftest
configure:3098: $? = 0
configure:3086: result: no
configure:3091: checking for suffix of object files
configure:3113: gcc -c   conftest.c >&5
configure:3117: $? = 0
configure:3138: result: o
configure:3142: checking whether we are using the GNU C compiler
configure:3161: gcc -c   conftest.c >&5
configure:3161: $? = 0
configure:3170: result: yes
configure:3179: checking whether gcc accepts -g
configure:3199: gcc -c -g  conftest.c >&5
configure:3199: $? = 0
configure:3240: result: yes
configure:3257: checking for gcc option to accept ISO C89
configure:3320: gcc  -c -g -O2  conftest.c >&5
configure:3320: $? = 0
configure:3333: result: none needed
configure:3353: checking for a sed that does not truncate output
configure:3417: result: /usr/bin/sed
configure:3435: checking for grep that handles long lines and -e
configure:3493: result: /usr/bin/grep
configure:3498: checking for egrep
configure:3560: result: /usr/bin/grep -E
configure:3565: checking for fgrep
configure:3627: result: /usr/bin/grep -F
configure:3662: checking for ld used by gcc
configure:3729: result: /usr/bin/ld
configure:3736: checking if the linker (/usr/bin/ld) is GNU ld
configure:3751: result: yes
configure:3763: checking for BSD- or MS-compatible name lister (nm)
configure:3812: result: /usr/bin/nm -B
configure:3942: checking the name lister (/usr/bin/nm -B) interface
configure:3949: gcc -c -g -O2  conftest.c >&5
configure:3952: /usr/bin/nm -B "conftest.o"
configure:3955: output
0000000000000000 B some_variable
configure:3956: result: BSD nm
configure:3959: checking whether ln -s works
configure:3963: result: yes
configure:3971: checking the maximum length of command line arguments
configure:4096: result: 1572864
configure:4113: checking whether the shell understands some XSI constructs
configure:4122: result: yes
configure:4126: checking whether the shell understands "+="
configure:4130: result: yes
configure:4165: checking how to convert x86_64-unknown-linux-gnu file names to x86_64-unknown-linux-gnu format
configure:4205: result: func_convert_file_noop
configure:4212: checking how to convert x86_64-unknown-linux-gnu file names to toolchain format
configure:4232: result: func_convert_file_noop
configure:4239: checking for /usr/bin/ld option to reload object files
configure:4246: result: -r
configure:4320: checking for objdump
configure:4336: found /usr/bin/objdump
configure:4347: result: objdump
configure:4376: checking how to recognize dependent libraries
configure:4578: result: pass_all
configure:4663: checking for dlltool
configure:4693: result: no
configure:4720: checking how to associate runtime and link libraries
configure:4747: result: printf %s\n
configure:4808: checking for ar
configure:4824: found /usr/bin/ar
configure:4835: result: ar
configure:4872: checking for archiver @FILE support
configure:4889: gcc -c -g -O2  conftest.c >&5
configure:4889: $? = 0
configure:4892: ar cru libconftest.a @conftest.lst >&5
ar: `u' modifier ignored since `D' is the default (see `U')
configure:4895: $? = 0
configure:4900: ar cru libconftest.a @conftest.lst >&5
ar: `u' modifier ignored since `D' is the default (see `U')
ar: conftest.o: No such file or directory
configure:4903: $? = 1
configure:4902: result: @
configure:4960: checking for strip
configure:4976: found /usr/bin/strip
configure:4987: result: strip
configure:5059: checking for ranlib
configure:5075: found /usr/bin/ranlib
configure:5086: result: ranlib
configure:5163: checking for gawk
configure:5179: found /usr/bin/gawk
configure:5190: result: gawk
configure:5230: checking command to parse /usr/bin/nm -B output from gcc object
configure:5349: gcc -c -g -O2  conftest.c >&5
configure:5352: $? = 0
configure:5356: /usr/bin/nm -B conftest.o \| sed -n -e 's/^.*[ ]\([ABCDGIRSTW][ABCDGIRSTW]*\)[ ][ ]*\([_A-Za-z][_A-Za-z0-9]*\)$/\1 \2 \2/p' | sed '/ __gnu_lto/d' \> conftest.nm
configure:5359: $? = 0
configure:5425: gcc -o conftest -g -O2   conftest.c conftstm.o >&5
configure:5428: $? = 0
configure:5466: result: ok
configure:5503: checking for sysroot
configure:5533: result: no
configure:5610: gcc -c -g -O2  conftest.c >&5
configure:5613: $? = 0
configure:5776: checking for mt
configure:5792: found /usr/bin/mt
configure:5803: result: mt
configure:5826: checking if mt is a manifest tool
configure:5832: mt '-?'
configure:5840: result: no
configure:6472: checking how to run the C preprocessor
configure:6503: gcc -E  conftest.c
configure:6503: $? = 0
configure:6517: gcc -E  conftest.c
conftest.c:9:10: fatal error: ac_nonexistent.h: No such file or directory
    9 | #include <ac_nonexistent.h>
      |          ^~~~~~~~~~~~~~~~~~
compilation terminated.
configure:6517: $? = 1
configure: failed program was:
| /* confdefs.h */
| #define PACKAGE_NAME ""
| #define PACKAGE_TARNAME ""
| #define PACKAGE_VERSION ""
| #define PACKAGE_STRING ""
| #define PACKAGE_BUGREPORT ""
| #define PACKAGE_URL ""
| /* end confdefs.h.  */
| #include <ac_nonexistent.h>
configure:6542: result: gcc -E
configure:6562: gcc -E  conftest.c
configure:6562: $? = 0
configure:6576: gcc -E  conftest.c
conftest.c:9:10: fatal error: ac_nonexistent.h: No such file or directory
    9 | #include <ac_nonexistent.h>
      |          ^~~~~~~~~~~~~~~~~~
compilation terminated.
configure:6576: $? = 1
configure: failed program was:
| /* confdefs.h */
| #define PACKAGE_NAME ""
| #define PACKAGE_TARNAME ""
| #define PACKAGE_VERSION ""
| #define PACKAGE_STRING ""
| #define PACKAGE_BUGREPORT ""
| #define PACKAGE_URL ""
| /* end confdefs.h.  */
| #include <ac_nonexistent.h>
configure:6605: checking for ANSI C header files
configure:6625: gcc -c -g -O2  conftest.c >&5
configure:6625: $? = 0
configure:6698: gcc -o conftest -g -O2   conftest.c  >&5
configure:6698: $? = 0
configure:6698: ./conftest
configure:6698: $? = 0
configure:6709: result: yes
configure:6722: checking for sys/types.h
configure:6722: gcc -c -g -O2  conftest.c >&5
configure:6722: $? = 0
configure:6722: result: yes
configure:6722: checking for sys/stat.h
configure:6722: gcc -c -g -O2  conftest.c >&5
configure:6722: $? = 0
configure:6722: result: yes
configure:6722: checking for stdlib.h
configure:6722: gcc -c -g -O2  conftest.c >&5
configure:6722: $? = 0
configure:6722: result: yes
configure:6722: checking for string.h
configure:6722: gcc -c -g -O2  conftest.c >&5
configure:6722: $? = 0
configure:6722: result: yes
configure:6722: checking for memory.h
configure:6722: gcc -c -g -O2  conftest.c >&5
configure:6722: $? = 0
configure:6722: result: yes
configure:6722: checking for strings.h
configure:6722: gcc -c -g -O2  conftest.c >&5
configure:6722: $? = 0
configure:6722: result: yes
configure:6722: checking for inttypes.h
configure:6722: gcc -c -g -O2  conftest.c >&5
configure:6722: $? = 0
configure:6722: result: yes
configure:6722: checking for stdint.h
configure:6722: gcc -c -g -O2  conftest.c >&5
configure:6722: $? = 0
configure:6722: result: yes
configure:6722: checking for unistd.h
configure:6722: gcc -c -g -O2  conftest.c >&5
configure:6722: $? = 0
configure:6722: result: yes
configure:6736: checking for dlfcn.h
configure:6736: gcc -c -g -O2  conftest.c >&5
configure:6736: $? = 0
configure:6736: result: yes
configure:7221: checking for objdir
configure:7236: result: .libs
configure:7507: checking if gcc supports -fno-rtti -fno-exceptions
configure:7525: gcc -c -g -O2  -fno-rtti -fno-exceptions conftest.c >&5
cc1: warning: command line option '-fno-rtti' is valid for C++/D/ObjC++ but not for C
configure:7529: $? = 0
configure:7542: result: no
configure:7852: checking for gcc option to produce PIC
configure:7859: result: -fPIC -DPIC
configure:7867: checking if gcc PIC flag -fPIC -DPIC works
configure:7885: gcc -c -g -O2  -fPIC -DPIC -DPIC conftest.c >&5
configure:7889: $? = 0
configure:7902: result: yes
configure:7931: checking if gcc static flag -static works
configure:7959: result: yes
configure:7974: checking if gcc supports -c -o file.o
configure:7995: gcc -c -g -O2  -o out/conftest2.o conftest.c >&5
configure:7999: $? = 0
configure:8021: result: yes
configure:8029: checking if gcc supports -c -o file.o
configure:8076: result: yes
configure:8109: checking whether the gcc linker (/usr/bin/ld -m elf_x86_64) supports shared libraries
configure:9267: result: yes
configure:9304: checking whether -lc should be explicitly linked in
configure:9312: gcc -c -g -O2  conftest.c >&5
configure:9315: $? = 0
configure:9330: gcc -shared  -fPIC -DPIC conftest.o  -v -Wl,-soname -Wl,conftest -o conftest 2\>\&1 \| /usr/bin/grep  -lc  \>/dev/null 2\>\&1
configure:9333: $? = 0
configure:9347: result: no
configure:9512: checking dynamic linker characteristics
configure:10026: gcc -o conftest -g -O2   -Wl,-rpath -Wl,/foo conftest.c  >&5
configure:10026: $? = 0
configure:10248: result: GNU/Linux ld.so
configure:10355: checking how to hardcode library paths into programs
configure:10380: result: immediate
configure:10920: checking whether stripping libraries is possible
configure:10925: result: yes
configure:10960: checking if libtool supports shared libraries
configure:10962: result: yes
configure:10965: checking whether to build shared libraries
configure:10986: result: yes
configure:10989: checking whether to build static libraries
configure:10993: result: yes
configure:8054: checking for a BSD-compatible install
configure:8122: result: /usr/bin/install -c
configure:8133: checking whether build environment is sane
configure:8183: result: yes
configure:8324: checking for a thread-safe mkdir -p
configure:8363: result: /usr/bin/mkdir -p
configure:8372: checking whether make sets $(MAKE)
configure:8394: result: yes
configure:8424: checking for style of include used by make
configure:8452: result: GNU
configure:8538: checking dependency style of gcc
configure:8649: result: gcc3
configure:8715: checking for gcc
configure:8742: result: gcc
configure:8971: checking for C compiler version
configure:8980: gcc --version >&5
gcc (Ubuntu 9.3.0-17ubuntu1~20.04) 9.3.0
Copyright (C) 2019 Free Software Foundation, Inc.
This is free software; see the source for copying conditions.  There is NO
warranty; not even for MERCHANTABILITY or FITNESS FOR A PARTICULAR PURPOSE.

configure:8991: $? = 0
configure:8980: gcc -v >&5
Using built-in specs.
COLLECT_GCC=gcc
COLLECT_LTO_WRAPPER=/usr/lib/gcc/x86_64-linux-gnu/9/lto-wrapper
OFFLOAD_TARGET_NAMES=nvptx-none:hsa
OFFLOAD_TARGET_DEFAULT=1
Target: x86_64-linux-gnu
Configured with: ../src/configure -v --with-pkgversion='Ubuntu 9.3.0-17ubuntu1~20.04' --with-bugurl=file:///usr/share/doc/gcc-9/README.Bugs --enable-languages=c,ada,c++,go,brig,d,fortran,objc,obj-c++,gm2 --prefix=/usr --with-gcc-major-version-only --program-suffix=-9 --program-prefix=x86_64-linux-gnu- --enable-shared --enable-linker-build-id --libexecdir=/usr/lib --without-included-gettext --enable-threads=posix --libdir=/usr/lib --enable-nls --enable-clocale=gnu --enable-libstdcxx-debug --enable-libstdcxx-time=yes --with-default-libstdcxx-abi=new --enable-gnu-unique-object --disable-vtable-verify --enable-plugin --enable-default-pie --with-system-zlib --with-target-system-zlib=auto --enable-objc-gc=auto --enable-multiarch --disable-werror --with-arch-32=i686 --with-abi=m64 --with-multilib-list=m32,m64,mx32 --enable-multilib --with-tune=generic --enable-offload-targets=nvptx-none=/build/gcc-9-HskZEa/gcc-9-9.3.0/debian/tmp-nvptx/usr,hsa --without-cuda-driver --enable-checking=release --build=x86_64-linux-gnu --host=x86_64-linux-gnu --target=x86_64-linux-gnu
Thread model: posix
gcc version 9.3.0 (Ubuntu 9.3.0-17ubuntu1~20.04) 
configure:8991: $? = 0
configure:8980: gcc -V >&5
gcc: error: unrecognized command line option '-V'
gcc: fatal error: no input files
compilation terminated.
configure:8991: $? = 1
configure:8980: gcc -qversion >&5
gcc: error: unrecognized command line option '-qversion'; did you mean '--version'?
gcc: fatal error: no input files
compilation terminated.
configure:8991: $? = 1
configure:8995: checking whether we are using the GNU C compiler
configure:9023: result: yes
configure:9032: checking whether gcc accepts -g
configure:9093: result: yes
configure:9110: checking for gcc option to accept ISO C89
configure:9186: result: none needed
configure:9260: checking for gcc
configure:9276: found /usr/bin/gcc
configure:9287: result: gcc
configure:9312: checking for Objective C compiler version
configure:9321: gcc --version >&5
gcc (Ubuntu 9.3.0-17ubuntu1~20.04) 9.3.0
Copyright (C) 2019 Free Software Foundation, Inc.
This is free software; see the source for copying conditions.  There is NO
warranty; not even for MERCHANTABILITY or FITNESS FOR A PARTICULAR PURPOSE.

configure:9332: $? = 0
configure:9321: gcc -v >&5
Using built-in specs.
COLLECT_GCC=gcc
COLLECT_LTO_WRAPPER=/usr/lib/gcc/x86_64-linux-gnu/9/lto-wrapper
OFFLOAD_TARGET_NAMES=nvptx-none:hsa
OFFLOAD_TARGET_DEFAULT=1
Target: x86_64-linux-gnu
Configured with: ../src/configure -v --with-pkgversion='Ubuntu 9.3.0-17ubuntu1~20.04' --with-bugurl=file:///usr/share/doc/gcc-9/README.Bugs --enable-languages=c,ada,c++,go,brig,d,fortran,objc,obj-c++,gm2 --prefix=/usr --with-gcc-major-version-only --program-suffix=-9 --program-prefix=x86_64-linux-gnu- --enable-shared --enable-linker-build-id --libexecdir=/usr/lib --without-included-gettext --enable-threads=posix --libdir=/usr/lib --enable-nls --enable-clocale=gnu --enable-libstdcxx-debug --enable-libstdcxx-time=yes --with-default-libstdcxx-abi=new --enable-gnu-unique-object --disable-vtable-verify --enable-plugin --enable-default-pie --with-system-zlib --with-target-system-zlib=auto --enable-objc-gc=auto --enable-multiarch --disable-werror --with-arch-32=i686 --with-abi=m64 --with-multilib-list=m32,m64,mx32 --enable-multilib --with-tune=generic --enable-offload-targets=nvptx-none=/build/gcc-9-HskZEa/gcc-9-9.3.0/debian/tmp-nvptx/usr,hsa --without-cuda-driver --enable-checking=release --build=x86_64-linux-gnu --host=x86_64-linux-gnu --target=x86_64-linux-gnu
Thread model: posix
gcc version 9.3.0 (Ubuntu 9.3.0-17ubuntu1~20.04) 
configure:9332: $? = 0
configure:9321: gcc -V >&5
gcc: error: unrecognized command line option '-V'
gcc: fatal error: no input files
compilation terminated.
configure:9332: $? = 1
configure:9321: gcc -qversion >&5
gcc: error: unrecognized command line option '-qversion'; did you mean '--version'?
gcc: fatal error: no input files
compilation terminated.
configure:9332: $? = 1
configure:9336: checking whether we are using the GNU Objective C compiler
configure:9355: gcc -c   conftest.m >&5
gcc: fatal error: cannot execute 'cc1obj': execvp: No such file or directory
compilation terminated.
configure:9355: $? = 1
configure: failed program was:
| /* confdefs.h */
| #define PACKAGE_NAME ""
| #define PACKAGE_TARNAME ""
| #define PACKAGE_VERSION ""
| #define PACKAGE_STRING ""
| #define PACKAGE_BUGREPORT ""
| #define PACKAGE_URL ""
| #define STDC_HEADERS 1
| #define HAVE_SYS_TYPES_H 1
| #define HAVE_SYS_STAT_H 1
| #define HAVE_STDLIB_H 1
| #define HAVE_STRING_H 1
| #define HAVE_MEMORY_H 1
| #define HAVE_STRINGS_H 1
| #define HAVE_INTTYPES_H 1
| #define HAVE_STDINT_H 1
| #define HAVE_UNISTD_H 1
| #define HAVE_DLFCN_H 1
| #define LT_OBJDIR ".libs/"
| #define PACKAGE "SDL2_gfx"
| #define VERSION "1.0.2"
| /* end confdefs.h.  */
| 
| int
| main ()
| {
| #ifndef __GNUC__
|        choke me
| #endif
| 
|   ;
|   return 0;
| }
configure:9364: result: no
configure:9373: checking whether gcc accepts -g
configure:9393: gcc -c -g  conftest.m >&5
gcc: fatal error: cannot execute 'cc1obj': execvp: No such file or directory
compilation terminated.
configure:9393: $? = 1
configure: failed program was:
| /* confdefs.h */
| #define PACKAGE_NAME ""
| #define PACKAGE_TARNAME ""
| #define PACKAGE_VERSION ""
| #define PACKAGE_STRING ""
| #define PACKAGE_BUGREPORT ""
| #define PACKAGE_URL ""
| #define STDC_HEADERS 1
| #define HAVE_SYS_TYPES_H 1
| #define HAVE_SYS_STAT_H 1
| #define HAVE_STDLIB_H 1
| #define HAVE_STRING_H 1
| #define HAVE_MEMORY_H 1
| #define HAVE_STRINGS_H 1
| #define HAVE_INTTYPES_H 1
| #define HAVE_STDINT_H 1
| #define HAVE_UNISTD_H 1
| #define HAVE_DLFCN_H 1
| #define LT_OBJDIR ".libs/"
| #define PACKAGE "SDL2_gfx"
| #define VERSION "1.0.2"
| /* end confdefs.h.  */
| 
| int
| main ()
| {
| 
|   ;
|   return 0;
| }
configure:9408: gcc -c   conftest.m >&5
gcc: fatal error: cannot execute 'cc1obj': execvp: No such file or directory
compilation terminated.
configure:9408: $? = 1
configure: failed program was:
| /* confdefs.h */
| #define PACKAGE_NAME ""
| #define PACKAGE_TARNAME ""
| #define PACKAGE_VERSION ""
| #define PACKAGE_STRING ""
| #define PACKAGE_BUGREPORT ""
| #define PACKAGE_URL ""
| #define STDC_HEADERS 1
| #define HAVE_SYS_TYPES_H 1
| #define HAVE_SYS_STAT_H 1
| #define HAVE_STDLIB_H 1
| #define HAVE_STRING_H 1
| #define HAVE_MEMORY_H 1
| #define HAVE_STRINGS_H 1
| #define HAVE_INTTYPES_H 1
| #define HAVE_STDINT_H 1
| #define HAVE_UNISTD_H 1
| #define HAVE_DLFCN_H 1
| #define LT_OBJDIR ".libs/"
| #define PACKAGE "SDL2_gfx"
| #define VERSION "1.0.2"
| /* end confdefs.h.  */
| 
| int
| main ()
| {
| 
|   ;
|   return 0;
| }
configure:9424: gcc -c -g  conftest.m >&5
gcc: fatal error: cannot execute 'cc1obj': execvp: No such file or directory
compilation terminated.
configure:9424: $? = 1
configure: failed program was:
| /* confdefs.h */
| #define PACKAGE_NAME ""
| #define PACKAGE_TARNAME ""
| #define PACKAGE_VERSION ""
| #define PACKAGE_STRING ""
| #define PACKAGE_BUGREPORT ""
| #define PACKAGE_URL ""
| #define STDC_HEADERS 1
| #define HAVE_SYS_TYPES_H 1
| #define HAVE_SYS_STAT_H 1
| #define HAVE_STDLIB_H 1
| #define HAVE_STRING_H 1
| #define HAVE_MEMORY_H 1
| #define HAVE_STRINGS_H 1
| #define HAVE_INTTYPES_H 1
| #define HAVE_STDINT_H 1
| #define HAVE_UNISTD_H 1
| #define HAVE_DLFCN_H 1
| #define LT_OBJDIR ".libs/"
| #define PACKAGE "SDL2_gfx"
| #define VERSION "1.0.2"
| /* end confdefs.h.  */
| 
| int
| main ()
| {
| 
|   ;
|   return 0;
| }
configure:9434: result: no
configure:9459: checking dependency style of gcc
configure:9568: result: gcc3
configure:9583: checking for inline
configure:9599: gcc -c -g -O2  conftest.c >&5
configure:9599: $? = 0
configure:9607: result: inline
configure:9626: checking whether make sets $(MAKE)
configure:9648: result: yes
configure:9666: checking for windres
configure:9696: result: no
configure:9666: checking for linux-gnu-windres
configure:9696: result: no
configure:9774: checking size of long
configure:9779: gcc -o conftest -g -O2 -O -DUSE_MMX   conftest.c  >&5
configure:9779: $? = 0
configure:9779: ./conftest
configure:9779: $? = 0
configure:9793: result: 8
configure:9859: checking for pkg-config
configure:9877: found /usr/bin/pkg-config
configure:9889: result: /usr/bin/pkg-config
configure:9914: checking pkg-config is at least version 0.9.0
configure:9917: result: yes
configure:9955: checking for SDL
configure:9963: $PKG_CONFIG --exists --print-errors "sdl2 >= $min_sdl_version"
configure:9966: $? = 0
configure:9981: $PKG_CONFIG --exists --print-errors "sdl2 >= $min_sdl_version"
configure:9984: $? = 0
configure:10020: result: yes
configure:10440: creating ./config.status

## ---------------------- ##
## Running config.status. ##
## ---------------------- ##

This file was extended by config.status, which was
generated by GNU Autoconf 2.69.  Invocation command line was

  CONFIG_FILES    = 
  CONFIG_HEADERS  = 
  CONFIG_LINKS    = 
  CONFIG_COMMANDS = 
  $ ./config.status 

on smueller-Legion-T730-28ICO

config.status:1019: creating Makefile
config.status:1019: creating SDL2_gfx.pc
config.status:1176: executing libtool commands
config.status:1176: executing depfiles commands

## ---------------- ##
## Cache variables. ##
## ---------------- ##

ac_cv_build=x86_64-unknown-linux-gnu
ac_cv_c_compiler_gnu=yes
ac_cv_c_inline=inline
ac_cv_env_CC_set=
ac_cv_env_CC_value=
ac_cv_env_CFLAGS_set=
ac_cv_env_CFLAGS_value=
ac_cv_env_CPPFLAGS_set=
ac_cv_env_CPPFLAGS_value=
ac_cv_env_CPP_set=
ac_cv_env_CPP_value=
ac_cv_env_LDFLAGS_set=
ac_cv_env_LDFLAGS_value=
ac_cv_env_LIBS_set=
ac_cv_env_LIBS_value=
ac_cv_env_OBJCFLAGS_set=
ac_cv_env_OBJCFLAGS_value=
ac_cv_env_OBJC_set=
ac_cv_env_OBJC_value=
ac_cv_env_PKG_CONFIG_set=
ac_cv_env_PKG_CONFIG_value=
ac_cv_env_SDL_CFLAGS_set=
ac_cv_env_SDL_CFLAGS_value=
ac_cv_env_SDL_LIBS_set=
ac_cv_env_SDL_LIBS_value=
ac_cv_env_build_alias_set=
ac_cv_env_build_alias_value=
ac_cv_env_host_alias_set=
ac_cv_env_host_alias_value=
ac_cv_env_target_alias_set=
ac_cv_env_target_alias_value=
ac_cv_header_dlfcn_h=yes
ac_cv_header_inttypes_h=yes
ac_cv_header_memory_h=yes
ac_cv_header_stdc=yes
ac_cv_header_stdint_h=yes
ac_cv_header_stdlib_h=yes
ac_cv_header_string_h=yes
ac_cv_header_strings_h=yes
ac_cv_header_sys_stat_h=yes
ac_cv_header_sys_types_h=yes
ac_cv_header_unistd_h=yes
ac_cv_host=x86_64-unknown-linux-gnu
ac_cv_objc_compiler_gnu=no
ac_cv_objext=o
ac_cv_path_EGREP='/usr/bin/grep -E'
ac_cv_path_FGREP='/usr/bin/grep -F'
ac_cv_path_GREP=/usr/bin/grep
ac_cv_path_SED=/usr/bin/sed
ac_cv_path_ac_pt_PKG_CONFIG=/usr/bin/pkg-config
ac_cv_path_install='/usr/bin/install -c'
ac_cv_path_mkdir=/usr/bin/mkdir
ac_cv_prog_AWK=gawk
ac_cv_prog_CPP='gcc -E'
ac_cv_prog_ac_ct_AR=ar
ac_cv_prog_ac_ct_CC=gcc
ac_cv_prog_ac_ct_MANIFEST_TOOL=mt
ac_cv_prog_ac_ct_OBJC=gcc
ac_cv_prog_ac_ct_OBJDUMP=objdump
ac_cv_prog_ac_ct_RANLIB=ranlib
ac_cv_prog_ac_ct_STRIP=strip
ac_cv_prog_cc_c89=
ac_cv_prog_cc_g=yes
ac_cv_prog_make_make_set=yes
ac_cv_prog_objc_g=no
ac_cv_sizeof_long=8
am_cv_CC_dependencies_compiler_type=gcc3
am_cv_OBJC_dependencies_compiler_type=gcc3
lt_cv_ar_at_file=@
lt_cv_archive_cmds_need_lc=no
lt_cv_deplibs_check_method=pass_all
lt_cv_file_magic_cmd='$MAGIC_CMD'
lt_cv_file_magic_test_file=
lt_cv_ld_reload_flag=-r
lt_cv_nm_interface='BSD nm'
lt_cv_objdir=.libs
lt_cv_path_LD=/usr/bin/ld
lt_cv_path_NM='/usr/bin/nm -B'
lt_cv_path_mainfest_tool=no
lt_cv_prog_compiler_c_o=yes
lt_cv_prog_compiler_pic='-fPIC -DPIC'
lt_cv_prog_compiler_pic_works=yes
lt_cv_prog_compiler_rtti_exceptions=no
lt_cv_prog_compiler_static_works=yes
lt_cv_prog_gnu_ld=yes
lt_cv_sharedlib_from_linklib_cmd='printf %s\n'
lt_cv_shlibpath_overrides_runpath=yes
lt_cv_sys_global_symbol_pipe='sed -n -e '\''s/^.*[	 ]\([ABCDGIRSTW][ABCDGIRSTW]*\)[	 ][	 ]*\([_A-Za-z][_A-Za-z0-9]*\)$/\1 \2 \2/p'\'' | sed '\''/ __gnu_lto/d'\'''
lt_cv_sys_global_symbol_to_c_name_address='sed -n -e '\''s/^: \([^ ]*\)[ ]*$/  {\"\1\", (void *) 0},/p'\'' -e '\''s/^[ABCDGIRSTW]* \([^ ]*\) \([^ ]*\)$/  {"\2", (void *) \&\2},/p'\'''
lt_cv_sys_global_symbol_to_c_name_address_lib_prefix='sed -n -e '\''s/^: \([^ ]*\)[ ]*$/  {\"\1\", (void *) 0},/p'\'' -e '\''s/^[ABCDGIRSTW]* \([^ ]*\) \(lib[^ ]*\)$/  {"\2", (void *) \&\2},/p'\'' -e '\''s/^[ABCDGIRSTW]* \([^ ]*\) \([^ ]*\)$/  {"lib\2", (void *) \&\2},/p'\'''
lt_cv_sys_global_symbol_to_cdecl='sed -n -e '\''s/^T .* \(.*\)$/extern int \1();/p'\'' -e '\''s/^[ABCDGIRSTW]* .* \(.*\)$/extern char \1;/p'\'''
lt_cv_sys_max_cmd_len=1572864
lt_cv_to_host_file_cmd=func_convert_file_noop
lt_cv_to_tool_file_cmd=func_convert_file_noop
pkg_cv_SDL_CFLAGS='-D_REENTRANT -I/usr/include/SDL2'
pkg_cv_SDL_LIBS=-lSDL2

## ----------------- ##
## Output variables. ##
## ----------------- ##

ACLOCAL='${SHELL} /home/smueller/Dropbox/Research/pebl/branches/sdl2/libs/SDL2_gfx-1.0.4/missing --run aclocal-1.11'
AMDEPBACKSLASH='\'
AMDEP_FALSE='#'
AMDEP_TRUE=''
AMTAR='$${TAR-tar}'
AR='ar'
AS='as'
AUTOCONF='${SHELL} /home/smueller/Dropbox/Research/pebl/branches/sdl2/libs/SDL2_gfx-1.0.4/missing --run autoconf'
AUTOHEADER='${SHELL} /home/smueller/Dropbox/Research/pebl/branches/sdl2/libs/SDL2_gfx-1.0.4/missing --run autoheader'
AUTOMAKE='${SHELL} /home/smueller/Dropbox/Research/pebl/branches/sdl2/libs/SDL2_gfx-1.0.4/missing --run automake-1.11'
AWK='gawk'
BINARY_AGE='2'
CC='gcc'
CCDEPMODE='depmode=gcc3'
CFLAGS='-g -O2 -O -DUSE_MMX -D_REENTRANT -I/usr/include/SDL2'
CPP='gcc -E'
CPPFLAGS=''
CYGPATH_W='echo'
DEFS='-DPACKAGE_NAME=\"\" -DPACKAGE_TARNAME=\"\" -DPACKAGE_VERSION=\"\" -DPACKAGE_STRING=\"\" -DPACKAGE_BUGREPORT=\"\" -DPACKAGE_URL=\"\" -DSTDC_HEADERS=1 -DHAVE_SYS_TYPES_H=1 -DHAVE_SYS_STAT_H=1 -DHAVE_STDLIB_H=1 -DHAVE_STRING_H=1 -DHAVE_MEMORY_H=1 -DHAVE_STRINGS_H=1 -DHAVE_INTTYPES_H=1 -DHAVE_STDINT_H=1 -DHAVE_UNISTD_H=1 -DHAVE_DLFCN_H=1 -DLT_OBJDIR=\".libs/\" -DPACKAGE=\"SDL2_gfx\" -DVERSION=\"1.0.2\" -DSIZEOF_LONG=8'
DEPDIR='.deps'
DLLTOOL='false'
DSYMUTIL=''
DUMPBIN=''
ECHO_C=''
ECHO_N='-n'
ECHO_T=''
EGREP='/usr/bin/grep -E'
EXEEXT=''
FGREP='/usr/bin/grep -F'
GREP='/usr/bin/grep'
INSTALL_DATA='${INSTALL} -m 644'
INSTALL_PROGRAM='${INSTALL}'
INSTALL_SCRIPT='${INSTALL}'
INSTALL_STRIP_PROGRAM='$(install_sh) -c -s'
INTERFACE_AGE='2'
LD='/usr/bin/ld -m elf_x86_64'
LDFLAGS=''
LIBOBJS=''
LIBS=' -lSDL2'
LIBTOOL='$(SHELL) $(top_builddir)/libtool'
LIPO=''
LN_S='ln -s'
LTLIBOBJS=''
LT_AGE='0'
LT_CURRENT='0'
LT_RELEASE='1.0'
LT_REVISION='2'
MAJOR_VERSION='1'
MAKEINFO='${SHELL} /home/smueller/Dropbox/Research/pebl/branches/sdl2/libs/SDL2_gfx-1.0.4/missing --run makeinfo'
MANIFEST_TOOL=':'
MICRO_VERSION='2'
MINOR_VERSION='0'
MKDIR_P='/usr/bin/mkdir -p'
NM='/usr/bin/nm -B'
NMEDIT=''
OBJC='gcc'
OBJCDEPMODE='depmode=gcc3'
OBJCFLAGS='-g -O2 -O -DUSE_MMX -D_REENTRANT -I/usr/include/SDL2'
OBJDUMP='objdump'
OBJEXT='o'
OTOOL64=''
OTOOL=''
PACKAGE='SDL2_gfx'
PACKAGE_BUGREPORT=''
PACKAGE_NAME=''
PACKAGE_STRING=''
PACKAGE_TARNAME=''
PACKAGE_URL=''
PACKAGE_VERSION=''
PATH_SEPARATOR=':'
PKG_CONFIG='/usr/bin/pkg-config'
RANLIB='ranlib'
SDL_CFLAGS='-D_REENTRANT -I/usr/include/SDL2'
SDL_CONFIG='pkg-config sdl2'
SDL_LIBS='-lSDL2'
SDL_VERSION='2.0.0'
SED='/usr/bin/sed'
SET_MAKE=''
SHELL='/bin/bash'
STRIP='strip'
VERSION='1.0.2'
WINDRES=''
ac_ct_AR='ar'
ac_ct_CC='gcc'
ac_ct_DUMPBIN=''
ac_ct_OBJC='gcc'
am__EXEEXT_FALSE=''
am__EXEEXT_TRUE='#'
am__fastdepCC_FALSE='#'
am__fastdepCC_TRUE=''
am__fastdepOBJC_FALSE='#'
am__fastdepOBJC_TRUE=''
am__include='include'
am__isrc=' -I$(srcdir)'
am__leading_dot='.'
am__nodep='_no'
am__quote=''
am__tar='$${TAR-tar} chof - "$$tardir"'
am__untar='$${TAR-tar} xf -'
bindir='${exec_prefix}/bin'
build='x86_64-unknown-linux-gnu'
build_alias=''
build_cpu='x86_64'
build_os='linux-gnu'
build_vendor='unknown'
datadir='${datarootdir}'
datarootdir='${prefix}/share'
docdir='${datarootdir}/doc/${PACKAGE}'
dvidir='${docdir}'
exec_prefix='${prefix}'
host='x86_64-unknown-linux-gnu'
host_alias=''
host_cpu='x86_64'
host_os='linux-gnu'
host_vendor='unknown'
htmldir='${docdir}'
includedir='${prefix}/include'
infodir='${datarootdir}/info'
install_sh='${SHELL} /home/smueller/Dropbox/Research/pebl/branches/sdl2/libs/SDL2_gfx-1.0.4/install-sh'
libdir='${exec_prefix}/lib'
libexecdir='${exec_prefix}/libexec'
localedir='${datarootdir}/locale'
localstatedir='${prefix}/var'
mandir='${datarootdir}/man'
mkdir_p='/usr/bin/mkdir -p'
oldincludedir='/usr/include'
pdfdir='${docdir}'
prefix='/usr/local'
program_transform_name='s,x,x,'
psdir='${docdir}'
runstatedir='${localstatedir}/run'
sbindir='${exec_prefix}/sbin'
sharedstatedir='${prefix}/com'
sysconfdir='${prefix}/etc'
target_alias=''

## ----------- ##
## confdefs.h. ##
## ----------- ##

/* confdefs.h */
#define PACKAGE_NAME ""
#define PACKAGE_TARNAME ""
#define PACKAGE_VERSION ""
#define PACKAGE_STRING ""
#define PACKAGE_BUGREPORT ""
#define PACKAGE_URL ""
#define STDC_HEADERS 1
#define HAVE_SYS_TYPES_H 1
#define HAVE_SYS_STAT_H 1
#define HAVE_STDLIB_H 1
#define HAVE_STRING_H 1
#define HAVE_MEMORY_H 1
#define HAVE_STRINGS_H 1
#define HAVE_INTTYPES_H 1
#define HAVE_STDINT_H 1
#define HAVE_UNISTD_H 1
#define HAVE_DLFCN_H 1
#define LT_OBJDIR ".libs/"
#define PACKAGE "SDL2_gfx"
#define VERSION "1.0.2"
#define SIZEOF_LONG 8

configure: exit 0
