\BOOKMARK [0][-]{chapter.1}{\376\377\000A\000b\000o\000u\000t}{}% 1
\BOOKMARK [0][-]{chapter.2}{\376\377\000U\000s\000a\000g\000e}{}% 2
\BOOKMARK [1][-]{section.2.1}{\376\377\000H\000o\000w\000\040\000t\000o\000\040\000C\000o\000m\000p\000i\000l\000e\000\040\000P\000E\000B\000L\000\040\0002\000.\0000}{chapter.2}% 3
\BOOKMARK [2][-]{subsection.2.1.1}{\376\377\000L\000i\000n\000u\000x}{section.2.1}% 4
\BOOKMARK [2][-]{subsection.2.1.2}{\376\377\000M\000i\000c\000r\000o\000s\000o\000f\000t\000\040\000W\000i\000n\000d\000o\000w\000s}{section.2.1}% 5
\BOOKMARK [2][-]{subsection.2.1.3}{\376\377\000M\000a\000c\000\040\000O\000S\000X}{section.2.1}% 6
\BOOKMARK [1][-]{section.2.2}{\376\377\000I\000n\000s\000t\000a\000l\000l\000a\000t\000i\000o\000n}{chapter.2}% 7
\BOOKMARK [2][-]{subsection.2.2.1}{\376\377\000L\000i\000n\000u\000x}{section.2.2}% 8
\BOOKMARK [2][-]{subsection.2.2.2}{\376\377\000M\000i\000c\000r\000o\000s\000o\000f\000t\000\040\000W\000i\000n\000d\000o\000w\000s}{section.2.2}% 9
\BOOKMARK [2][-]{subsection.2.2.3}{\376\377\000M\000a\000c\000i\000n\000t\000o\000s\000h\000\040\000O\000S\000X}{section.2.2}% 10
\BOOKMARK [1][-]{section.2.3}{\376\377\000H\000o\000w\000\040\000t\000o\000\040\000R\000u\000n\000\040\000a\000\040\000P\000E\000B\000L\000\040\000P\000r\000o\000g\000r\000a\000m}{chapter.2}% 11
\BOOKMARK [2][-]{subsection.2.3.1}{\376\377\000L\000i\000n\000u\000x}{section.2.3}% 12
\BOOKMARK [2][-]{subsection.2.3.2}{\376\377\000\040\000M\000i\000c\000r\000o\000s\000o\000f\000t\000\040\000W\000i\000n\000d\000o\000w\000s}{section.2.3}% 13
\BOOKMARK [2][-]{subsection.2.3.3}{\376\377\000\040\000M\000a\000c\000i\000n\000t\000o\000s\000h\000\040\000O\000S\000X}{section.2.3}% 14
\BOOKMARK [1][-]{section.2.4}{\376\377\000H\000o\000w\000\040\000t\000o\000\040\000s\000t\000o\000p\000\040\000r\000u\000n\000n\000i\000n\000g\000\040\000a\000\040\000p\000r\000o\000g\000r\000a\000m}{chapter.2}% 15
\BOOKMARK [1][-]{section.2.5}{\376\377\000C\000o\000m\000m\000a\000n\000d\000-\000l\000i\000n\000e\000\040\000a\000r\000g\000u\000m\000e\000n\000t\000s}{chapter.2}% 16
\BOOKMARK [1][-]{section.2.6}{\376\377\000S\000y\000s\000t\000e\000m\000\040\000S\000t\000a\000t\000u\000s\000\040\000O\000u\000t\000p\000u\000t}{chapter.2}% 17
\BOOKMARK [0][-]{chapter.3}{\376\377\000H\000o\000w\000\040\000t\000o\000\040\000W\000r\000i\000t\000e\000\040\000a\000\040\000P\000E\000B\000L\000\040\000P\000r\000o\000g\000r\000a\000m}{}% 18
\BOOKMARK [1][-]{section.3.1}{\376\377\000B\000a\000s\000i\000c\000\040\000P\000E\000B\000L\000\040\000S\000c\000r\000i\000p\000t\000s}{chapter.3}% 19
\BOOKMARK [1][-]{section.3.2}{\376\377\000C\000a\000s\000e\000\040\000S\000e\000n\000s\000i\000t\000i\000v\000i\000t\000y}{chapter.3}% 20
\BOOKMARK [1][-]{section.3.3}{\376\377\000\040\000S\000y\000n\000t\000a\000x}{chapter.3}% 21
\BOOKMARK [1][-]{section.3.4}{\376\377\000E\000x\000p\000r\000e\000s\000s\000i\000o\000n\000s}{chapter.3}% 22
\BOOKMARK [1][-]{section.3.5}{\376\377\000l\000o\000o\000p\000\050\000\051\000\040\000s\000y\000n\000t\000a\000x\000.}{chapter.3}% 23
\BOOKMARK [1][-]{section.3.6}{\376\377\000V\000a\000r\000i\000a\000b\000l\000e\000s}{chapter.3}% 24
\BOOKMARK [2][-]{subsection.3.6.1}{\376\377\000C\000o\000e\000r\000c\000i\000o\000n\000/\000c\000a\000s\000t\000i\000n\000g}{section.3.6}% 25
\BOOKMARK [2][-]{subsection.3.6.2}{\376\377\000V\000a\000r\000i\000a\000b\000l\000e\000\040\000N\000a\000m\000i\000n\000g}{section.3.6}% 26
\BOOKMARK [2][-]{subsection.3.6.3}{\376\377\000V\000a\000r\000i\000a\000b\000l\000e\000\040\000S\000c\000o\000p\000e}{section.3.6}% 27
\BOOKMARK [2][-]{subsection.3.6.4}{\376\377\000C\000o\000p\000i\000e\000s\000\040\000a\000n\000d\000\040\000A\000s\000s\000i\000g\000n\000m\000e\000n\000t}{section.3.6}% 28
\BOOKMARK [2][-]{subsection.3.6.5}{\376\377\000P\000a\000s\000s\000i\000n\000g\000\040\000b\000y\000\040\000R\000e\000f\000e\000r\000e\000n\000c\000e\000\040\000a\000n\000d\000\040\000b\000y\000\040\000V\000a\000l\000u\000e}{section.3.6}% 29
\BOOKMARK [1][-]{section.3.7}{\376\377\000F\000u\000n\000c\000t\000i\000o\000n\000s}{chapter.3}% 30
\BOOKMARK [1][-]{section.3.8}{\376\377\000\040\000A\000\040\000S\000i\000m\000p\000l\000e\000\040\000P\000r\000o\000g\000r\000a\000m}{chapter.3}% 31
\BOOKMARK [0][-]{chapter.4}{\376\377\000O\000v\000e\000r\000v\000i\000e\000w\000\040\000o\000f\000\040\000O\000b\000j\000e\000c\000t\000\040\000S\000u\000b\000s\000y\000s\000t\000e\000m\000s}{}% 32
\BOOKMARK [1][-]{section.4.1}{\376\377\000L\000i\000s\000t\000s}{chapter.4}% 33
\BOOKMARK [2][-]{subsection.4.1.1}{\376\377\000G\000r\000o\000w\000i\000n\000g\000\040\000L\000i\000s\000t\000s}{section.4.1}% 34
\BOOKMARK [2][-]{subsection.4.1.2}{\376\377\000R\000e\000c\000u\000r\000s\000i\000o\000n\000\040\000o\000n\000\040\000l\000i\000s\000t\000s}{section.4.1}% 35
\BOOKMARK [1][-]{section.4.2}{\376\377\000F\000o\000n\000t\000s}{chapter.4}% 36
\BOOKMARK [1][-]{section.4.3}{\376\377\000C\000o\000l\000o\000r\000s}{chapter.4}% 37
\BOOKMARK [1][-]{section.4.4}{\376\377\000W\000i\000n\000d\000o\000w\000s}{chapter.4}% 38
\BOOKMARK [1][-]{section.4.5}{\376\377\000G\000r\000a\000p\000h\000i\000c\000a\000l\000\040\000W\000i\000d\000g\000e\000t\000s}{chapter.4}% 39
\BOOKMARK [1][-]{section.4.6}{\376\377\000I\000m\000a\000g\000e\000s}{chapter.4}% 40
\BOOKMARK [1][-]{section.4.7}{\376\377\000C\000a\000n\000v\000a\000s\000e\000s}{chapter.4}% 41
\BOOKMARK [1][-]{section.4.8}{\376\377\000S\000h\000a\000p\000e\000s}{chapter.4}% 42
\BOOKMARK [2][-]{subsection.4.8.1}{\376\377\000C\000i\000r\000c\000l\000e}{section.4.8}% 43
\BOOKMARK [2][-]{subsection.4.8.2}{\376\377\000E\000l\000l\000i\000p\000s\000e}{section.4.8}% 44
\BOOKMARK [2][-]{subsection.4.8.3}{\376\377\000S\000q\000u\000a\000r\000e}{section.4.8}% 45
\BOOKMARK [2][-]{subsection.4.8.4}{\376\377\000R\000e\000c\000t\000a\000n\000g\000l\000e}{section.4.8}% 46
\BOOKMARK [2][-]{subsection.4.8.5}{\376\377\000L\000i\000n\000e}{section.4.8}% 47
\BOOKMARK [2][-]{subsection.4.8.6}{\376\377\000P\000o\000l\000y\000g\000o\000n}{section.4.8}% 48
\BOOKMARK [2][-]{subsection.4.8.7}{\376\377\000B\000e\000z\000i\000e\000r}{section.4.8}% 49
\BOOKMARK [1][-]{section.4.9}{\376\377\000T\000e\000x\000t\000\040\000L\000a\000b\000e\000l\000s}{chapter.4}% 50
\BOOKMARK [1][-]{section.4.10}{\376\377\000T\000e\000x\000t\000\040\000B\000o\000x\000e\000s}{chapter.4}% 51
\BOOKMARK [1][-]{section.4.11}{\376\377\000U\000s\000e\000r\000-\000E\000d\000i\000t\000a\000b\000l\000e\000\040\000T\000e\000x\000t\000\040\000B\000o\000x\000e\000s}{chapter.4}% 52
\BOOKMARK [1][-]{section.4.12}{\376\377\000A\000u\000d\000i\000o}{chapter.4}% 53
\BOOKMARK [1][-]{section.4.13}{\376\377\000M\000o\000v\000i\000e\000\040\000F\000i\000l\000e\000s}{chapter.4}% 54
\BOOKMARK [1][-]{section.4.14}{\376\377\000C\000u\000s\000t\000o\000m\000\040\000o\000b\000j\000e\000c\000t\000s}{chapter.4}% 55
\BOOKMARK [1][-]{section.4.15}{\376\377\000K\000e\000y\000b\000o\000a\000r\000d\000\040\000E\000n\000t\000r\000y}{chapter.4}% 56
\BOOKMARK [1][-]{section.4.16}{\376\377\000J\000o\000y\000s\000t\000i\000c\000k\000\040\000I\000n\000p\000u\000t}{chapter.4}% 57
\BOOKMARK [1][-]{section.4.17}{\376\377\000F\000i\000l\000e\000s}{chapter.4}% 58
\BOOKMARK [1][-]{section.4.18}{\376\377\000N\000e\000t\000w\000o\000r\000k\000\040\000C\000o\000n\000n\000e\000c\000t\000i\000o\000n\000s}{chapter.4}% 59
\BOOKMARK [2][-]{subsection.4.18.1}{\376\377\000T\000C\000P\000/\000I\000P\000\040\000O\000v\000e\000r\000v\000i\000e\000w}{section.4.18}% 60
\BOOKMARK [2][-]{subsection.4.18.2}{\376\377\000A\000d\000d\000r\000e\000s\000s\000e\000s\000\040\000a\000n\000d\000\040\000P\000o\000r\000t\000s}{section.4.18}% 61
\BOOKMARK [2][-]{subsection.4.18.3}{\376\377\000S\000e\000n\000d\000i\000n\000g\000\040\000a\000n\000d\000\040\000R\000e\000c\000e\000i\000v\000i\000n\000g\000\040\000D\000a\000t\000a}{section.4.18}% 62
\BOOKMARK [2][-]{subsection.4.18.4}{\376\377\000C\000l\000o\000s\000i\000n\000g\000\040\000n\000e\000t\000w\000o\000r\000k\000s}{section.4.18}% 63
\BOOKMARK [1][-]{section.4.19}{\376\377\000P\000a\000r\000a\000l\000l\000e\000l\000\040\000P\000o\000r\000t}{chapter.4}% 64
\BOOKMARK [1][-]{section.4.20}{\376\377\000S\000e\000r\000i\000a\000l\000\040\000P\000o\000r\000t}{chapter.4}% 65
\BOOKMARK [1][-]{section.4.21}{\376\377\000T\000h\000e\000\040\000E\000v\000e\000n\000t\000\040\000L\000o\000o\000p}{chapter.4}% 66
\BOOKMARK [1][-]{section.4.22}{\376\377\000P\000a\000r\000a\000m\000e\000t\000e\000r\000\040\000S\000e\000t\000t\000i\000n\000g}{chapter.4}% 67
\BOOKMARK [1][-]{section.4.23}{\376\377\000E\000r\000r\000o\000r\000s\000\040\000a\000n\000d\000\040\000W\000a\000r\000n\000i\000n\000g\000s}{chapter.4}% 68
\BOOKMARK [1][-]{section.4.24}{\376\377\000P\000a\000t\000h\000s\000\040\000a\000n\000d\000\040\000P\000a\000t\000h\000\040\000S\000e\000a\000r\000c\000h\000i\000n\000g}{chapter.4}% 69
\BOOKMARK [1][-]{section.4.25}{\376\377\000C\000o\000n\000t\000r\000o\000l\000l\000i\000n\000g\000\040\000t\000h\000e\000\040\000V\000i\000d\000e\000o\000\040\000s\000e\000t\000t\000i\000n\000g\000s}{chapter.4}% 70
\BOOKMARK [2][-]{subsection.4.25.1}{\376\377\000S\000c\000r\000e\000e\000n\000\040\000r\000e\000s\000o\000l\000u\000t\000i\000o\000n}{section.4.25}% 71
\BOOKMARK [2][-]{subsection.4.25.2}{\376\377\000F\000u\000l\000l\000s\000c\000r\000e\000e\000n\000\040\000m\000o\000d\000e}{section.4.25}% 72
\BOOKMARK [2][-]{subsection.4.25.3}{\376\377\000V\000i\000d\000e\000o\000\040\000d\000r\000i\000v\000e\000r\000s}{section.4.25}% 73
\BOOKMARK [2][-]{subsection.4.25.4}{\376\377\000S\000y\000n\000c\000h\000r\000o\000n\000i\000z\000e\000\040\000t\000o\000\040\000v\000e\000r\000t\000i\000c\000a\000l\000\040\000r\000e\000f\000r\000e\000s\000h\000\040\000s\000i\000g\000n\000a\000l\000\040\000\050\000v\000s\000y\000n\000c\000\051}{section.4.25}% 74
\BOOKMARK [2][-]{subsection.4.25.5}{\376\377\000M\000u\000l\000t\000i\000p\000l\000e\000\040\000w\000i\000n\000d\000o\000w\000s}{section.4.25}% 75
\BOOKMARK [1][-]{section.4.26}{\376\377\000S\000t\000i\000c\000k\000y\000K\000e\000y\000s}{chapter.4}% 76
\BOOKMARK [1][-]{section.4.27}{\376\377\000P\000r\000o\000v\000i\000d\000e\000d\000\040\000M\000e\000d\000i\000a\000\040\000F\000i\000l\000e\000s}{chapter.4}% 77
\BOOKMARK [1][-]{section.4.28}{\376\377\000S\000p\000e\000c\000i\000a\000l\000\040\000V\000a\000r\000i\000a\000b\000l\000e\000s}{chapter.4}% 78
\BOOKMARK [0][-]{chapter.5}{\376\377\000\040\000F\000u\000n\000c\000t\000i\000o\000n\000\040\000Q\000u\000i\000c\000k\000\040\000R\000e\000f\000e\000r\000e\000n\000c\000e}{}% 79
\BOOKMARK [0][-]{chapter.6}{\376\377\000T\000h\000e\000\040\000P\000E\000B\000L\000\040\000L\000a\000y\000o\000u\000t\000\040\000\046\000\040\000R\000e\000s\000p\000o\000n\000s\000e\000\040\000S\000y\000s\000t\000e\000m}{}% 80
\BOOKMARK [1][-]{section.6.1}{\376\377\000O\000v\000e\000r\000v\000i\000e\000w}{chapter.6}% 81
\BOOKMARK [1][-]{section.6.2}{\376\377\000Q\000u\000i\000c\000k\000\040\000S\000t\000a\000r\000t}{chapter.6}% 82
\BOOKMARK [1][-]{section.6.3}{\376\377\000L\000a\000y\000o\000u\000t\000\040\000Z\000o\000n\000e\000s}{chapter.6}% 83
\BOOKMARK [2][-]{subsection.6.3.1}{\376\377\000Z\000o\000n\000e\000\040\000S\000t\000r\000u\000c\000t\000u\000r\000e}{section.6.3}% 84
\BOOKMARK [2][-]{subsection.6.3.2}{\376\377\000A\000c\000c\000e\000s\000s\000i\000n\000g\000\040\000Z\000o\000n\000e\000s}{section.6.3}% 85
\BOOKMARK [2][-]{subsection.6.3.3}{\376\377\000S\000t\000i\000m\000u\000l\000u\000s\000\040\000R\000e\000g\000i\000o\000n}{section.6.3}% 86
\BOOKMARK [1][-]{section.6.4}{\376\377\000R\000e\000s\000p\000o\000n\000s\000e\000\040\000M\000o\000d\000e\000s}{chapter.6}% 87
\BOOKMARK [2][-]{subsection.6.4.1}{\376\377\000K\000e\000y\000b\000o\000a\000r\000d\000\040\000M\000o\000d\000e\000s}{section.6.4}% 88
\BOOKMARK [2][-]{subsection.6.4.2}{\376\377\000M\000o\000u\000s\000e\000\040\000M\000o\000d\000e\000s}{section.6.4}% 89
\BOOKMARK [2][-]{subsection.6.4.3}{\376\377\000P\000l\000a\000t\000f\000o\000r\000m\000-\000A\000w\000a\000r\000e\000\040\000S\000e\000l\000e\000c\000t\000i\000o\000n}{section.6.4}% 90
\BOOKMARK [1][-]{section.6.5}{\376\377\000P\000a\000r\000a\000m\000e\000t\000e\000r\000\040\000I\000n\000t\000e\000g\000r\000a\000t\000i\000o\000n}{chapter.6}% 91
\BOOKMARK [2][-]{subsection.6.5.1}{\376\377\000B\000a\000s\000i\000c\000\040\000U\000s\000a\000g\000e}{section.6.5}% 92
\BOOKMARK [2][-]{subsection.6.5.2}{\376\377\000R\000e\000s\000p\000o\000n\000s\000e\000\040\000M\000o\000d\000e\000\040\000P\000a\000r\000a\000m\000e\000t\000e\000r}{section.6.5}% 93
\BOOKMARK [1][-]{section.6.6}{\376\377\000T\000r\000a\000n\000s\000l\000a\000t\000i\000o\000n\000\040\000S\000u\000p\000p\000o\000r\000t}{chapter.6}% 94
\BOOKMARK [2][-]{subsection.6.6.1}{\376\377\000B\000a\000s\000i\000c\000\040\000U\000s\000a\000g\000e}{section.6.6}% 95
\BOOKMARK [2][-]{subsection.6.6.2}{\376\377\000R\000u\000n\000n\000i\000n\000g\000\040\000i\000n\000\040\000D\000i\000f\000f\000e\000r\000e\000n\000t\000\040\000L\000a\000n\000g\000u\000a\000g\000e\000s}{section.6.6}% 96
\BOOKMARK [1][-]{section.6.7}{\376\377\000D\000a\000t\000a\000\040\000U\000p\000l\000o\000a\000d\000\040\000I\000n\000t\000e\000g\000r\000a\000t\000i\000o\000n}{chapter.6}% 97
\BOOKMARK [2][-]{subsection.6.7.1}{\376\377\000B\000a\000s\000i\000c\000\040\000U\000s\000a\000g\000e}{section.6.7}% 98
\BOOKMARK [1][-]{section.6.8}{\376\377\000L\000a\000y\000o\000u\000t\000\040\000C\000u\000s\000t\000o\000m\000i\000z\000a\000t\000i\000o\000n}{chapter.6}% 99
\BOOKMARK [2][-]{subsection.6.8.1}{\376\377\000C\000u\000s\000t\000o\000m\000\040\000L\000a\000y\000o\000u\000t\000\040\000C\000o\000n\000f\000i\000g\000u\000r\000a\000t\000i\000o\000n}{section.6.8}% 100
\BOOKMARK [2][-]{subsection.6.8.2}{\376\377\000M\000o\000d\000i\000f\000y\000i\000n\000g\000\040\000G\000l\000o\000b\000a\000l\000\040\000D\000e\000f\000a\000u\000l\000t\000s}{section.6.8}% 101
\BOOKMARK [1][-]{section.6.9}{\376\377\000C\000o\000m\000p\000l\000e\000t\000e\000\040\000E\000x\000a\000m\000p\000l\000e}{chapter.6}% 102
\BOOKMARK [1][-]{section.6.10}{\376\377\000B\000e\000s\000t\000\040\000P\000r\000a\000c\000t\000i\000c\000e\000s}{chapter.6}% 103
\BOOKMARK [2][-]{subsection.6.10.1}{\376\377\000L\000a\000y\000o\000u\000t\000\040\000U\000s\000a\000g\000e}{section.6.10}% 104
\BOOKMARK [2][-]{subsection.6.10.2}{\376\377\000R\000e\000s\000p\000o\000n\000s\000e\000\040\000H\000a\000n\000d\000l\000i\000n\000g}{section.6.10}% 105
\BOOKMARK [2][-]{subsection.6.10.3}{\376\377\000P\000a\000r\000a\000m\000e\000t\000e\000r\000s}{section.6.10}% 106
\BOOKMARK [2][-]{subsection.6.10.4}{\376\377\000T\000r\000a\000n\000s\000l\000a\000t\000i\000o\000n\000s}{section.6.10}% 107
\BOOKMARK [1][-]{section.6.11}{\376\377\000R\000e\000f\000e\000r\000e\000n\000c\000e}{chapter.6}% 108
\BOOKMARK [2][-]{subsection.6.11.1}{\376\377\000C\000o\000r\000e\000\040\000F\000u\000n\000c\000t\000i\000o\000n\000s}{section.6.11}% 109
\BOOKMARK [2][-]{subsection.6.11.2}{\376\377\000L\000a\000y\000o\000u\000t\000\040\000P\000r\000o\000p\000e\000r\000t\000i\000e\000s}{section.6.11}% 110
\BOOKMARK [2][-]{subsection.6.11.3}{\376\377\000D\000e\000f\000a\000u\000l\000t\000\040\000C\000o\000n\000f\000i\000g\000u\000r\000a\000t\000i\000o\000n}{section.6.11}% 111
\BOOKMARK [0][-]{chapter.7}{\376\377\000S\000t\000r\000u\000c\000t\000u\000r\000e\000d\000\040\000T\000a\000s\000k\000\040\000C\000r\000e\000a\000t\000i\000o\000n\000\040\000A\000r\000c\000h\000i\000t\000e\000c\000t\000u\000r\000e}{}% 112
\BOOKMARK [1][-]{section.7.1}{\376\377\000O\000v\000e\000r\000v\000i\000e\000w}{chapter.7}% 113
\BOOKMARK [1][-]{section.7.2}{\376\377\000P\000a\000r\000a\000m\000e\000t\000e\000r\000\040\000M\000a\000n\000a\000g\000e\000m\000e\000n\000t\000\040\000S\000y\000s\000t\000e\000m}{chapter.7}% 114
\BOOKMARK [2][-]{subsection.7.2.1}{\376\377\000B\000a\000s\000i\000c\000\040\000P\000a\000r\000a\000m\000e\000t\000e\000r\000\040\000U\000s\000a\000g\000e}{section.7.2}% 115
\BOOKMARK [2][-]{subsection.7.2.2}{\376\377\000P\000a\000r\000a\000m\000e\000t\000e\000r\000\040\000F\000i\000l\000e\000s}{section.7.2}% 116
\BOOKMARK [2][-]{subsection.7.2.3}{\376\377\000P\000a\000r\000a\000m\000e\000t\000e\000r\000\040\000S\000c\000h\000e\000m\000a\000s}{section.7.2}% 117
\BOOKMARK [2][-]{subsection.7.2.4}{\376\377\000P\000a\000r\000a\000m\000e\000t\000e\000r\000\040\000P\000r\000e\000s\000e\000t\000s}{section.7.2}% 118
\BOOKMARK [2][-]{subsection.7.2.5}{\376\377\000L\000o\000a\000d\000i\000n\000g\000\040\000P\000a\000r\000a\000m\000e\000t\000e\000r\000s\000\040\000f\000r\000o\000m\000\040\000U\000R\000L\000s}{section.7.2}% 119
\BOOKMARK [2][-]{subsection.7.2.6}{\376\377\000B\000e\000s\000t\000\040\000P\000r\000a\000c\000t\000i\000c\000e\000s}{section.7.2}% 120
\BOOKMARK [1][-]{section.7.3}{\376\377\000T\000r\000a\000n\000s\000l\000a\000t\000i\000o\000n\000\040\000S\000y\000s\000t\000e\000m}{chapter.7}% 121
\BOOKMARK [2][-]{subsection.7.3.1}{\376\377\000B\000a\000s\000i\000c\000\040\000T\000r\000a\000n\000s\000l\000a\000t\000i\000o\000n\000\040\000U\000s\000a\000g\000e}{section.7.3}% 122
\BOOKMARK [2][-]{subsection.7.3.2}{\376\377\000T\000r\000a\000n\000s\000l\000a\000t\000i\000o\000n\000\040\000F\000i\000l\000e\000\040\000S\000t\000r\000u\000c\000t\000u\000r\000e}{section.7.3}% 123
\BOOKMARK [2][-]{subsection.7.3.3}{\376\377\000C\000r\000e\000a\000t\000i\000n\000g\000\040\000T\000r\000a\000n\000s\000l\000a\000t\000i\000o\000n\000s}{section.7.3}% 124
\BOOKMARK [2][-]{subsection.7.3.4}{\376\377\000S\000p\000e\000c\000i\000a\000l\000\040\000C\000h\000a\000r\000a\000c\000t\000e\000r\000s\000\040\000a\000n\000d\000\040\000F\000o\000r\000m\000a\000t\000t\000i\000n\000g}{section.7.3}% 125
\BOOKMARK [2][-]{subsection.7.3.5}{\376\377\000F\000a\000l\000l\000b\000a\000c\000k\000\040\000S\000t\000r\000a\000t\000e\000g\000y}{section.7.3}% 126
\BOOKMARK [2][-]{subsection.7.3.6}{\376\377\000T\000r\000a\000n\000s\000l\000a\000t\000i\000o\000n\000\040\000B\000e\000s\000t\000\040\000P\000r\000a\000c\000t\000i\000c\000e\000s}{section.7.3}% 127
\BOOKMARK [1][-]{section.7.4}{\376\377\000D\000a\000t\000a\000\040\000U\000p\000l\000o\000a\000d\000\040\000S\000y\000s\000t\000e\000m}{chapter.7}% 128
\BOOKMARK [2][-]{subsection.7.4.1}{\376\377\000U\000p\000l\000o\000a\000d\000\040\000C\000o\000n\000f\000i\000g\000u\000r\000a\000t\000i\000o\000n}{section.7.4}% 129
\BOOKMARK [2][-]{subsection.7.4.2}{\376\377\000U\000s\000i\000n\000g\000\040\000U\000p\000l\000o\000a\000d\000\040\000i\000n\000\040\000P\000E\000B\000L\000\040\000S\000c\000r\000i\000p\000t\000s}{section.7.4}% 130
\BOOKMARK [2][-]{subsection.7.4.3}{\376\377\000P\000E\000B\000L\000\040\000S\000i\000m\000p\000l\000e\000\040\000D\000a\000t\000a\000\040\000S\000e\000r\000v\000e\000r}{section.7.4}% 131
\BOOKMARK [2][-]{subsection.7.4.4}{\376\377\000P\000E\000B\000L\000H\000u\000b\000\040\000O\000n\000l\000i\000n\000e}{section.7.4}% 132
\BOOKMARK [2][-]{subsection.7.4.5}{\376\377\000U\000p\000l\000o\000a\000d\000\040\000B\000e\000s\000t\000\040\000P\000r\000a\000c\000t\000i\000c\000e\000s}{section.7.4}% 133
\BOOKMARK [1][-]{section.7.5}{\376\377\000C\000o\000m\000p\000l\000e\000t\000e\000\040\000E\000x\000a\000m\000p\000l\000e\000\040\000T\000a\000s\000k}{chapter.7}% 134
\BOOKMARK [2][-]{subsection.7.5.1}{\376\377\000D\000i\000r\000e\000c\000t\000o\000r\000y\000\040\000S\000t\000r\000u\000c\000t\000u\000r\000e}{section.7.5}% 135
\BOOKMARK [2][-]{subsection.7.5.2}{\376\377\000P\000a\000r\000a\000m\000e\000t\000e\000r\000\040\000S\000c\000h\000e\000m\000a}{section.7.5}% 136
\BOOKMARK [2][-]{subsection.7.5.3}{\376\377\000T\000r\000a\000n\000s\000l\000a\000t\000i\000o\000n\000\040\000F\000i\000l\000e\000s}{section.7.5}% 137
\BOOKMARK [2][-]{subsection.7.5.4}{\376\377\000M\000a\000i\000n\000\040\000S\000c\000r\000i\000p\000t}{section.7.5}% 138
\BOOKMARK [2][-]{subsection.7.5.5}{\376\377\000R\000u\000n\000n\000i\000n\000g\000\040\000t\000h\000e\000\040\000T\000a\000s\000k}{section.7.5}% 139
\BOOKMARK [1][-]{section.7.6}{\376\377\000M\000i\000g\000r\000a\000t\000i\000o\000n\000\040\000C\000h\000e\000c\000k\000l\000i\000s\000t}{chapter.7}% 140
\BOOKMARK [2][-]{subsection.7.6.1}{\376\377\000P\000a\000r\000a\000m\000e\000t\000e\000r\000s}{section.7.6}% 141
\BOOKMARK [2][-]{subsection.7.6.2}{\376\377\000T\000r\000a\000n\000s\000l\000a\000t\000i\000o\000n\000s}{section.7.6}% 142
\BOOKMARK [2][-]{subsection.7.6.3}{\376\377\000L\000a\000y\000o\000u\000t\000\040\000\046\000\040\000R\000e\000s\000p\000o\000n\000s\000e\000\040\000S\000y\000s\000t\000e\000m}{section.7.6}% 143
\BOOKMARK [2][-]{subsection.7.6.4}{\376\377\000D\000a\000t\000a\000\040\000U\000p\000l\000o\000a\000d}{section.7.6}% 144
\BOOKMARK [1][-]{section.7.7}{\376\377\000S\000u\000m\000m\000a\000r\000y}{chapter.7}% 145
\BOOKMARK [0][-]{chapter.8}{\376\377\000T\000h\000e\000\040\000P\000E\000B\000L\000\040\000L\000a\000u\000n\000c\000h\000e\000r}{}% 146
\BOOKMARK [1][-]{section.8.1}{\376\377\000H\000i\000s\000t\000o\000r\000y\000\040\000o\000f\000\040\000t\000h\000e\000\040\000L\000a\000u\000n\000c\000h\000e\000r}{chapter.8}% 147
\BOOKMARK [1][-]{section.8.2}{\376\377\000H\000o\000w\000\040\000i\000t\000\040\000w\000o\000r\000k\000s}{chapter.8}% 148
\BOOKMARK [1][-]{section.8.3}{\376\377\000F\000e\000a\000t\000u\000r\000e\000s}{chapter.8}% 149
\BOOKMARK [2][-]{subsection.8.3.1}{\376\377\000F\000i\000l\000e\000\040\000b\000r\000o\000w\000s\000e\000r}{section.8.3}% 150
\BOOKMARK [2][-]{subsection.8.3.2}{\376\377\000P\000a\000r\000t\000i\000c\000i\000p\000a\000n\000t\000\040\000c\000o\000d\000e}{section.8.3}% 151
\BOOKMARK [2][-]{subsection.8.3.3}{\376\377\000E\000x\000p\000e\000r\000i\000m\000e\000n\000t\000e\000r\000\040\000c\000o\000d\000e}{section.8.3}% 152
\BOOKMARK [2][-]{subsection.8.3.4}{\376\377\000L\000a\000n\000g\000u\000a\000g\000e}{section.8.3}% 153
\BOOKMARK [2][-]{subsection.8.3.5}{\376\377\000C\000o\000m\000m\000m\000a\000n\000d\000\040\000L\000i\000n\000e\000\040\000O\000p\000t\000i\000o\000n\000s}{section.8.3}% 154
\BOOKMARK [2][-]{subsection.8.3.6}{\376\377\000E\000d\000i\000t\000\040\000a\000n\000d\000\040\000P\000a\000r\000a\000m\000e\000t\000e\000r\000s}{section.8.3}% 155
\BOOKMARK [2][-]{subsection.8.3.7}{\376\377\000F\000u\000l\000l\000s\000c\000r\000e\000e\000n\000\040\000M\000o\000d\000e}{section.8.3}% 156
\BOOKMARK [2][-]{subsection.8.3.8}{\376\377\000D\000e\000m\000o\000g\000r\000a\000p\000h\000i\000c\000s\000\040\000C\000o\000l\000l\000e\000c\000t\000i\000o\000n}{section.8.3}% 157
\BOOKMARK [2][-]{subsection.8.3.9}{\376\377\000E\000x\000p\000e\000r\000i\000m\000e\000n\000t\000\040\000C\000h\000a\000i\000n\000s}{section.8.3}% 158
\BOOKMARK [2][-]{subsection.8.3.10}{\376\377\000S\000a\000v\000i\000n\000g\000\040\000E\000x\000p\000e\000r\000i\000m\000e\000n\000t\000\040\000C\000h\000a\000i\000n\000s}{section.8.3}% 159
\BOOKMARK [2][-]{subsection.8.3.11}{\376\377\000E\000d\000i\000t\000i\000n\000g\000\040\000E\000x\000p\000e\000r\000i\000m\000e\000n\000t\000\040\000c\000h\000a\000i\000n\000s}{section.8.3}% 160
\BOOKMARK [2][-]{subsection.8.3.12}{\376\377\000L\000o\000a\000d\000i\000n\000g\000\040\000E\000x\000p\000e\000r\000i\000m\000e\000n\000t\000\040\000C\000h\000a\000i\000n\000s}{section.8.3}% 161
\BOOKMARK [2][-]{subsection.8.3.13}{\376\377\000D\000e\000s\000c\000r\000i\000p\000t\000i\000o\000n\000\040\000a\000n\000d\000\040\000S\000c\000r\000e\000e\000n\000s\000h\000o\000t}{section.8.3}% 162
\BOOKMARK [2][-]{subsection.8.3.14}{\376\377\000M\000e\000s\000s\000a\000g\000e\000\040\000f\000e\000e\000d\000b\000a\000c\000k\000\040\000w\000i\000n\000d\000o\000w\000s}{section.8.3}% 163
\BOOKMARK [2][-]{subsection.8.3.15}{\376\377\000O\000t\000h\000e\000r\000\040\000b\000u\000t\000t\000o\000n\000s}{section.8.3}% 164
\BOOKMARK [2][-]{subsection.8.3.16}{\376\377\000M\000e\000n\000u}{section.8.3}% 165
\BOOKMARK [1][-]{section.8.4}{\376\377\000L\000a\000u\000n\000c\000h\000i\000n\000g\000\040\000a\000n\000\040\000e\000x\000p\000e\000r\000i\000m\000e\000n\000t}{chapter.8}% 166
\BOOKMARK [1][-]{section.8.5}{\376\377\000L\000a\000u\000n\000c\000h\000i\000n\000g\000\040\000a\000n\000\040\000e\000x\000p\000e\000r\000i\000m\000e\000n\000t\000\040\000c\000h\000a\000i\000n}{chapter.8}% 167
\BOOKMARK [1][-]{section.8.6}{\376\377\000T\000r\000a\000n\000s\000l\000a\000t\000i\000n\000g\000\040\000t\000h\000e\000\040\000L\000a\000u\000n\000c\000h\000e\000r}{chapter.8}% 168
\BOOKMARK [1][-]{section.8.7}{\376\377\000U\000t\000i\000l\000i\000t\000y\000:\000P\000a\000r\000a\000m\000e\000t\000e\000r\000\040\000s\000e\000t\000t\000i\000n\000g}{chapter.8}% 169
\BOOKMARK [1][-]{section.8.8}{\376\377\000U\000t\000i\000l\000i\000t\000y\000:\000\040\000C\000o\000m\000b\000i\000n\000i\000n\000g\000\040\000d\000a\000t\000a\000\040\000f\000i\000l\000e\000s}{chapter.8}% 170
\BOOKMARK [0][-]{chapter.9}{\376\377\000P\000E\000B\000L\000\040\000U\000s\000e\000r\000\040\000I\000n\000t\000e\000r\000f\000a\000c\000e\000\040\000F\000u\000n\000c\000t\000i\000o\000n\000s}{}% 171
\BOOKMARK [1][-]{section.9.1}{\376\377\000O\000v\000e\000r\000v\000i\000e\000w}{chapter.9}% 172
\BOOKMARK [1][-]{section.9.2}{\376\377\000T\000e\000x\000t\000E\000n\000t\000r\000y}{chapter.9}% 173
\BOOKMARK [2][-]{subsection.9.2.1}{\376\377\000U\000s\000a\000g\000e}{section.9.2}% 174
\BOOKMARK [2][-]{subsection.9.2.2}{\376\377\000M\000e\000t\000h\000o\000d\000s\000\040\000a\000n\000d\000\040\000r\000e\000l\000a\000t\000e\000d\000\040\000f\000u\000n\000c\000t\000i\000o\000n\000s}{section.9.2}% 175
\BOOKMARK [1][-]{section.9.3}{\376\377\000M\000e\000n\000u}{chapter.9}% 176
\BOOKMARK [2][-]{subsection.9.3.1}{\376\377\000U\000s\000a\000g\000e}{section.9.3}% 177
\BOOKMARK [2][-]{subsection.9.3.2}{\376\377\000M\000e\000t\000h\000o\000d\000s\000\040\000a\000n\000d\000\040\000r\000e\000l\000a\000t\000e\000d\000\040\000f\000u\000n\000c\000t\000i\000o\000n\000s}{section.9.3}% 178
\BOOKMARK [1][-]{section.9.4}{\376\377\000P\000u\000l\000l\000D\000o\000w\000n}{chapter.9}% 179
\BOOKMARK [2][-]{subsection.9.4.1}{\376\377\000U\000s\000a\000g\000e}{section.9.4}% 180
\BOOKMARK [2][-]{subsection.9.4.2}{\376\377\000M\000e\000t\000h\000o\000d\000s\000\040\000a\000n\000d\000\040\000r\000e\000l\000a\000t\000e\000d\000\040\000f\000u\000n\000c\000t\000i\000o\000n\000s}{section.9.4}% 181
\BOOKMARK [1][-]{section.9.5}{\376\377\000B\000u\000t\000t\000o\000n}{chapter.9}% 182
\BOOKMARK [2][-]{subsection.9.5.1}{\376\377\000M\000e\000t\000h\000o\000d\000s}{section.9.5}% 183
\BOOKMARK [2][-]{subsection.9.5.2}{\376\377\000U\000s\000a\000g\000e}{section.9.5}% 184
\BOOKMARK [1][-]{section.9.6}{\376\377\000C\000h\000e\000c\000k\000b\000o\000x}{chapter.9}% 185
\BOOKMARK [2][-]{subsection.9.6.1}{\376\377\000U\000s\000a\000g\000e}{section.9.6}% 186
\BOOKMARK [2][-]{subsection.9.6.2}{\376\377\000M\000e\000t\000h\000o\000d\000s\000\040\000a\000n\000d\000\040\000a\000s\000s\000o\000c\000i\000a\000t\000e\000d\000\040\000f\000u\000n\000c\000t\000i\000o\000n\000s}{section.9.6}% 187
\BOOKMARK [1][-]{section.9.7}{\376\377\000S\000c\000r\000o\000l\000l\000b\000o\000x}{chapter.9}% 188
\BOOKMARK [2][-]{subsection.9.7.1}{\376\377\000U\000s\000a\000g\000e}{section.9.7}% 189
\BOOKMARK [2][-]{subsection.9.7.2}{\376\377\000M\000e\000t\000h\000o\000d\000s\000\040\000a\000n\000d\000\040\000r\000e\000l\000a\000t\000e\000d\000\040\000f\000u\000n\000c\000t\000i\000o\000n\000s}{section.9.7}% 190
\BOOKMARK [1][-]{section.9.8}{\376\377\000S\000c\000r\000o\000l\000l\000i\000n\000g\000T\000e\000x\000t\000B\000o\000x}{chapter.9}% 191
\BOOKMARK [2][-]{subsection.9.8.1}{\376\377\000U\000s\000a\000g\000e}{section.9.8}% 192
\BOOKMARK [2][-]{subsection.9.8.2}{\376\377\000M\000e\000t\000h\000o\000d\000s\000\040\000a\000n\000d\000\040\000r\000e\000l\000a\000t\000e\000d\000\040\000f\000u\000n\000c\000t\000i\000o\000n\000s}{section.9.8}% 193
\BOOKMARK [1][-]{section.9.9}{\376\377\000P\000o\000p\000u\000p\000M\000e\000s\000s\000a\000g\000e\000B\000o\000x}{chapter.9}% 194
\BOOKMARK [2][-]{subsection.9.9.1}{\376\377\000U\000s\000a\000g\000e}{section.9.9}% 195
\BOOKMARK [1][-]{section.9.10}{\376\377\000P\000o\000p\000U\000p\000E\000n\000t\000r\000y\000B\000o\000x}{chapter.9}% 196
\BOOKMARK [2][-]{subsection.9.10.1}{\376\377\000U\000s\000a\000g\000e}{section.9.10}% 197
\BOOKMARK [0][-]{chapter.10}{\376\377\000T\000h\000e\000\040\000P\000E\000B\000L\000\040\000P\000s\000y\000c\000h\000o\000l\000o\000g\000i\000c\000a\000l\000\040\000T\000e\000s\000t\000\040\000B\000a\000t\000t\000e\000r\000y}{}% 198
\BOOKMARK [1][-]{section.10.1}{\376\377\000A\000b\000o\000u\000t\000\040\000t\000h\000e\000\040\000P\000E\000B\000L\000\040\000T\000e\000s\000t\000\040\000B\000a\000t\000t\000e\000r\000y}{chapter.10}% 199
\BOOKMARK [1][-]{section.10.2}{\376\377\000S\000e\000t\000t\000i\000n\000g\000\040\000P\000a\000r\000a\000m\000e\000t\000e\000r\000s\000\040\000o\000f\000\040\000B\000a\000t\000t\000e\000r\000y\000\040\000T\000e\000s\000t\000s}{chapter.10}% 200
\BOOKMARK [1][-]{section.10.3}{\376\377\000T\000r\000a\000n\000s\000l\000a\000t\000i\000n\000g\000\040\000o\000r\000\040\000c\000h\000a\000n\000g\000i\000n\000g\000\040\000t\000e\000s\000t\000\040\000i\000n\000s\000t\000r\000u\000c\000t\000i\000o\000n\000s}{chapter.10}% 201
\BOOKMARK [1][-]{section.10.4}{\376\377\000T\000h\000e\000\040\000T\000e\000s\000t\000s}{chapter.10}% 202
\BOOKMARK [0][-]{chapter.11}{\376\377\000D\000e\000t\000a\000i\000l\000e\000d\000\040\000F\000u\000n\000c\000t\000i\000o\000n\000\040\000a\000n\000d\000\040\000K\000e\000y\000w\000o\000r\000d\000\040\000R\000e\000f\000e\000r\000e\000n\000c\000e}{}% 203
\BOOKMARK [1][-]{section.11.1}{\376\377\000P\000E\000B\000L\000E\000n\000v\000i\000r\000o\000n\000m\000e\000n\000t\000\040\000-\000\040\000S\000y\000s\000t\000e\000m\000\040\000a\000n\000d\000\040\000E\000n\000v\000i\000r\000o\000n\000m\000e\000n\000t}{chapter.11}% 204
\BOOKMARK [2][-]{subsection.11.1.1}{\376\377\000C\000l\000e\000a\000r\000E\000v\000e\000n\000t\000L\000o\000o\000p\000\050\000\051}{section.11.1}% 205
\BOOKMARK [2][-]{subsection.11.1.2}{\376\377\000C\000o\000p\000y\000F\000r\000o\000m\000C\000l\000i\000p\000b\000o\000a\000r\000d\000\050\000\051}{section.11.1}% 206
\BOOKMARK [2][-]{subsection.11.1.3}{\376\377\000C\000a\000l\000l\000F\000u\000n\000c\000t\000i\000o\000n\000\050\000\051}{section.11.1}% 207
\BOOKMARK [2][-]{subsection.11.1.4}{\376\377\000C\000h\000e\000c\000k\000P\000r\000o\000c\000e\000s\000s\000S\000t\000a\000t\000u\000s\000\050\000\051}{section.11.1}% 208
\BOOKMARK [2][-]{subsection.11.1.5}{\376\377\000D\000e\000l\000e\000t\000e\000F\000i\000l\000e\000\050\000\051}{section.11.1}% 209
\BOOKMARK [2][-]{subsection.11.1.6}{\376\377\000E\000x\000i\000t\000Q\000u\000i\000e\000t\000l\000y\000\050\000\051}{section.11.1}% 210
\BOOKMARK [2][-]{subsection.11.1.7}{\376\377\000F\000i\000l\000e\000E\000x\000i\000s\000t\000s\000\050\000\051}{section.11.1}% 211
\BOOKMARK [2][-]{subsection.11.1.8}{\376\377\000G\000e\000t\000C\000u\000r\000r\000e\000n\000t\000S\000c\000r\000e\000e\000n\000R\000e\000s\000o\000l\000u\000t\000i\000o\000n\000\050\000\051}{section.11.1}% 212
\BOOKMARK [2][-]{subsection.11.1.9}{\376\377\000G\000e\000t\000D\000i\000r\000e\000c\000t\000o\000r\000y\000L\000i\000s\000t\000i\000n\000g\000\050\000\051}{section.11.1}% 213
\BOOKMARK [2][-]{subsection.11.1.10}{\376\377\000G\000e\000t\000D\000r\000i\000v\000e\000r\000s\000\050\000\051}{section.11.1}% 214
\BOOKMARK [2][-]{subsection.11.1.11}{\376\377\000G\000e\000t\000E\000x\000e\000c\000u\000t\000a\000b\000l\000e\000N\000a\000m\000e\000\050\000\051}{section.11.1}% 215
\BOOKMARK [2][-]{subsection.11.1.12}{\376\377\000G\000e\000t\000H\000o\000m\000e\000D\000i\000r\000e\000c\000t\000o\000r\000y\000\050\000\051}{section.11.1}% 216
\BOOKMARK [2][-]{subsection.11.1.13}{\376\377\000G\000e\000t\000J\000o\000y\000s\000t\000i\000c\000k\000A\000x\000i\000s\000S\000t\000a\000t\000e\000\050\000\051}{section.11.1}% 217
\BOOKMARK [2][-]{subsection.11.1.14}{\376\377\000G\000e\000t\000J\000o\000y\000s\000t\000i\000c\000k\000B\000a\000l\000l\000S\000t\000a\000t\000e\000\050\000\051}{section.11.1}% 218
\BOOKMARK [2][-]{subsection.11.1.15}{\376\377\000G\000e\000t\000J\000o\000y\000s\000t\000i\000c\000k\000B\000u\000t\000t\000o\000n\000S\000t\000a\000t\000e\000\050\000\051}{section.11.1}% 219
\BOOKMARK [2][-]{subsection.11.1.16}{\376\377\000G\000e\000t\000J\000o\000y\000s\000t\000i\000c\000k\000H\000a\000t\000S\000t\000a\000t\000e\000\050\000\051}{section.11.1}% 220
\BOOKMARK [2][-]{subsection.11.1.17}{\376\377\000G\000e\000t\000M\000o\000u\000s\000e\000C\000u\000r\000s\000o\000r\000P\000o\000s\000i\000t\000i\000o\000n\000\050\000\051}{section.11.1}% 221
\BOOKMARK [2][-]{subsection.11.1.18}{\376\377\000G\000e\000t\000M\000o\000u\000s\000e\000S\000t\000a\000t\000e\000\050\000\051}{section.11.1}% 222
\BOOKMARK [2][-]{subsection.11.1.19}{\376\377\000G\000e\000t\000N\000u\000m\000J\000o\000y\000s\000t\000i\000c\000k\000A\000x\000e\000s\000\050\000\051}{section.11.1}% 223
\BOOKMARK [2][-]{subsection.11.1.20}{\376\377\000G\000e\000t\000N\000u\000m\000J\000o\000y\000s\000t\000i\000c\000k\000B\000a\000l\000l\000s\000\050\000\051}{section.11.1}% 224
\BOOKMARK [2][-]{subsection.11.1.21}{\376\377\000G\000e\000t\000N\000u\000m\000J\000o\000y\000s\000t\000i\000c\000k\000B\000u\000t\000t\000o\000n\000s\000\050\000\051}{section.11.1}% 225
\BOOKMARK [2][-]{subsection.11.1.22}{\376\377\000G\000e\000t\000N\000u\000m\000J\000o\000y\000s\000t\000i\000c\000k\000H\000a\000t\000s\000\050\000\051}{section.11.1}% 226
\BOOKMARK [2][-]{subsection.11.1.23}{\376\377\000G\000e\000t\000N\000u\000m\000J\000o\000y\000s\000t\000i\000c\000k\000s\000\050\000\051}{section.11.1}% 227
\BOOKMARK [2][-]{subsection.11.1.24}{\376\377\000G\000e\000t\000P\000E\000B\000L\000V\000e\000r\000s\000i\000o\000n\000\050\000\051}{section.11.1}% 228
\BOOKMARK [2][-]{subsection.11.1.25}{\376\377\000G\000e\000t\000S\000y\000s\000t\000e\000m\000T\000y\000p\000e\000\050\000\051}{section.11.1}% 229
\BOOKMARK [2][-]{subsection.11.1.26}{\376\377\000G\000e\000t\000T\000e\000x\000t\000B\000o\000x\000C\000u\000r\000s\000o\000r\000F\000r\000o\000m\000C\000l\000i\000c\000k\000\050\000\051}{section.11.1}% 230
\BOOKMARK [2][-]{subsection.11.1.27}{\376\377\000G\000e\000t\000T\000i\000m\000e\000\050\000\051}{section.11.1}% 231
\BOOKMARK [2][-]{subsection.11.1.28}{\376\377\000G\000e\000t\000T\000i\000m\000e\000O\000f\000D\000a\000y\000\050\000\051}{section.11.1}% 232
\BOOKMARK [2][-]{subsection.11.1.29}{\376\377\000G\000e\000t\000V\000i\000d\000e\000o\000M\000o\000d\000e\000s\000\050\000\051}{section.11.1}% 233
\BOOKMARK [2][-]{subsection.11.1.30}{\376\377\000G\000e\000t\000W\000o\000r\000k\000i\000n\000g\000D\000i\000r\000e\000c\000t\000o\000r\000y\000\050\000\051}{section.11.1}% 234
\BOOKMARK [2][-]{subsection.11.1.31}{\376\377\000I\000s\000A\000n\000y\000K\000e\000y\000D\000o\000w\000n\000\050\000\051}{section.11.1}% 235
\BOOKMARK [2][-]{subsection.11.1.32}{\376\377\000I\000s\000A\000u\000d\000i\000o\000O\000u\000t\000\050\000\051}{section.11.1}% 236
\BOOKMARK [2][-]{subsection.11.1.33}{\376\377\000I\000s\000C\000a\000n\000v\000a\000s\000\050\000\051}{section.11.1}% 237
\BOOKMARK [2][-]{subsection.11.1.34}{\376\377\000I\000s\000C\000o\000l\000o\000r\000\050\000\051}{section.11.1}% 238
\BOOKMARK [2][-]{subsection.11.1.35}{\376\377\000I\000s\000C\000u\000s\000t\000o\000m\000O\000b\000j\000e\000c\000t\000\050\000\051}{section.11.1}% 239
\BOOKMARK [2][-]{subsection.11.1.36}{\376\377\000I\000s\000D\000i\000r\000e\000c\000t\000o\000r\000y\000\050\000\051}{section.11.1}% 240
\BOOKMARK [2][-]{subsection.11.1.37}{\376\377\000I\000s\000F\000i\000l\000e\000S\000t\000r\000e\000a\000m\000\050\000\051}{section.11.1}% 241
\BOOKMARK [2][-]{subsection.11.1.38}{\376\377\000I\000s\000F\000l\000o\000a\000t\000\050\000\051}{section.11.1}% 242
\BOOKMARK [2][-]{subsection.11.1.39}{\376\377\000I\000s\000F\000o\000n\000t\000\050\000\051}{section.11.1}% 243
\BOOKMARK [2][-]{subsection.11.1.40}{\376\377\000I\000s\000I\000m\000a\000g\000e\000\050\000\051}{section.11.1}% 244
\BOOKMARK [2][-]{subsection.11.1.41}{\376\377\000I\000s\000I\000n\000t\000e\000g\000e\000r\000\050\000\051}{section.11.1}% 245
\BOOKMARK [2][-]{subsection.11.1.42}{\376\377\000I\000s\000K\000e\000y\000D\000o\000w\000n\000\050\000\051}{section.11.1}% 246
\BOOKMARK [2][-]{subsection.11.1.43}{\376\377\000I\000s\000K\000e\000y\000U\000p\000\050\000\051}{section.11.1}% 247
\BOOKMARK [2][-]{subsection.11.1.44}{\376\377\000I\000s\000L\000a\000b\000e\000l\000\050\000\051}{section.11.1}% 248
\BOOKMARK [2][-]{subsection.11.1.45}{\376\377\000I\000s\000L\000i\000s\000t\000\050\000\051}{section.11.1}% 249
\BOOKMARK [2][-]{subsection.11.1.46}{\376\377\000I\000s\000N\000u\000m\000b\000e\000r\000\050\000\051}{section.11.1}% 250
\BOOKMARK [2][-]{subsection.11.1.47}{\376\377\000I\000s\000S\000h\000a\000p\000e\000\050\000\051}{section.11.1}% 251
\BOOKMARK [2][-]{subsection.11.1.48}{\376\377\000I\000s\000S\000t\000r\000i\000n\000g\000\050\000\051}{section.11.1}% 252
\BOOKMARK [2][-]{subsection.11.1.49}{\376\377\000I\000s\000T\000e\000x\000t\000\050\000\051}{section.11.1}% 253
\BOOKMARK [2][-]{subsection.11.1.50}{\376\377\000I\000s\000T\000e\000x\000t\000B\000o\000x\000\050\000\051}{section.11.1}% 254
\BOOKMARK [2][-]{subsection.11.1.51}{\376\377\000I\000s\000W\000i\000d\000g\000e\000t\000\050\000\051}{section.11.1}% 255
\BOOKMARK [2][-]{subsection.11.1.52}{\376\377\000I\000s\000W\000i\000n\000d\000o\000w\000\050\000\051}{section.11.1}% 256
\BOOKMARK [2][-]{subsection.11.1.53}{\376\377\000L\000a\000u\000n\000c\000h\000F\000i\000l\000e\000\050\000\051}{section.11.1}% 257
\BOOKMARK [2][-]{subsection.11.1.54}{\376\377\000M\000a\000k\000e\000D\000i\000r\000e\000c\000t\000o\000r\000y\000\050\000\051}{section.11.1}% 258
\BOOKMARK [2][-]{subsection.11.1.55}{\376\377\000O\000p\000e\000n\000J\000o\000y\000s\000t\000i\000c\000k\000\050\000\051}{section.11.1}% 259
\BOOKMARK [2][-]{subsection.11.1.56}{\376\377\000P\000l\000a\000y\000M\000o\000v\000i\000e\000\050\000\051}{section.11.1}% 260
\BOOKMARK [2][-]{subsection.11.1.57}{\376\377\000R\000e\000g\000i\000s\000t\000e\000r\000E\000v\000e\000n\000t\000\050\000\051}{section.11.1}% 261
\BOOKMARK [2][-]{subsection.11.1.58}{\376\377\000S\000e\000t\000M\000o\000u\000s\000e\000C\000u\000r\000s\000o\000r\000P\000o\000s\000i\000t\000i\000o\000n\000\050\000\051}{section.11.1}% 262
\BOOKMARK [2][-]{subsection.11.1.59}{\376\377\000S\000e\000t\000W\000o\000r\000k\000i\000n\000g\000D\000i\000r\000e\000c\000t\000o\000r\000y\000\050\000\051}{section.11.1}% 263
\BOOKMARK [2][-]{subsection.11.1.60}{\376\377\000S\000h\000o\000w\000C\000u\000r\000s\000o\000r\000\050\000\051}{section.11.1}% 264
\BOOKMARK [2][-]{subsection.11.1.61}{\376\377\000S\000i\000g\000n\000a\000l\000F\000a\000t\000a\000l\000E\000r\000r\000o\000r\000\050\000\051}{section.11.1}% 265
\BOOKMARK [2][-]{subsection.11.1.62}{\376\377\000S\000t\000a\000r\000t\000E\000v\000e\000n\000t\000L\000o\000o\000p\000\050\000\051}{section.11.1}% 266
\BOOKMARK [2][-]{subsection.11.1.63}{\376\377\000S\000y\000s\000t\000e\000m\000C\000a\000l\000l\000\050\000\051}{section.11.1}% 267
\BOOKMARK [2][-]{subsection.11.1.64}{\376\377\000S\000y\000s\000t\000e\000m\000C\000a\000l\000l\000U\000p\000d\000a\000t\000e\000\050\000\051}{section.11.1}% 268
\BOOKMARK [2][-]{subsection.11.1.65}{\376\377\000T\000i\000m\000e\000S\000t\000a\000m\000p\000\050\000\051}{section.11.1}% 269
\BOOKMARK [2][-]{subsection.11.1.66}{\376\377\000T\000r\000a\000n\000s\000l\000a\000t\000e\000K\000e\000y\000C\000o\000d\000e\000\050\000\051}{section.11.1}% 270
\BOOKMARK [2][-]{subsection.11.1.67}{\376\377\000T\000r\000a\000n\000s\000l\000a\000t\000e\000S\000t\000r\000i\000n\000g\000\050\000\051}{section.11.1}% 271
\BOOKMARK [2][-]{subsection.11.1.68}{\376\377\000V\000a\000r\000i\000a\000b\000l\000e\000E\000x\000i\000s\000t\000s\000\050\000\051}{section.11.1}% 272
\BOOKMARK [2][-]{subsection.11.1.69}{\376\377\000W\000a\000i\000t\000\050\000\051}{section.11.1}% 273
\BOOKMARK [2][-]{subsection.11.1.70}{\376\377\000W\000a\000i\000t\000F\000o\000r\000A\000l\000l\000K\000e\000y\000s\000U\000p\000\050\000\051}{section.11.1}% 274
\BOOKMARK [2][-]{subsection.11.1.71}{\376\377\000W\000a\000i\000t\000F\000o\000r\000K\000e\000y\000D\000o\000w\000n\000\050\000\051}{section.11.1}% 275
\BOOKMARK [2][-]{subsection.11.1.72}{\376\377\000W\000a\000i\000t\000F\000o\000r\000A\000n\000y\000K\000e\000y\000D\000o\000w\000n\000\050\000\051}{section.11.1}% 276
\BOOKMARK [2][-]{subsection.11.1.73}{\376\377\000W\000a\000i\000t\000F\000o\000r\000A\000n\000y\000K\000e\000y\000D\000o\000w\000n\000W\000i\000t\000h\000T\000i\000m\000e\000o\000u\000t\000\050\000\051}{section.11.1}% 277
\BOOKMARK [2][-]{subsection.11.1.74}{\376\377\000W\000a\000i\000t\000F\000o\000r\000A\000n\000y\000K\000e\000y\000P\000r\000e\000s\000s\000\050\000\051}{section.11.1}% 278
\BOOKMARK [2][-]{subsection.11.1.75}{\376\377\000W\000a\000i\000t\000F\000o\000r\000A\000n\000y\000K\000e\000y\000P\000r\000e\000s\000s\000W\000i\000t\000h\000T\000i\000m\000e\000o\000u\000t\000\050\000\051}{section.11.1}% 279
\BOOKMARK [2][-]{subsection.11.1.76}{\376\377\000W\000a\000i\000t\000F\000o\000r\000K\000e\000y\000L\000i\000s\000t\000D\000o\000w\000n\000\050\000\051}{section.11.1}% 280
\BOOKMARK [2][-]{subsection.11.1.77}{\376\377\000W\000a\000i\000t\000F\000o\000r\000K\000e\000y\000P\000r\000e\000s\000s\000\050\000\051}{section.11.1}% 281
\BOOKMARK [2][-]{subsection.11.1.78}{\376\377\000W\000a\000i\000t\000F\000o\000r\000K\000e\000y\000U\000p\000\050\000\051}{section.11.1}% 282
\BOOKMARK [2][-]{subsection.11.1.79}{\376\377\000W\000a\000i\000t\000F\000o\000r\000K\000e\000y\000R\000e\000l\000e\000a\000s\000e\000\050\000\051}{section.11.1}% 283
\BOOKMARK [2][-]{subsection.11.1.80}{\376\377\000W\000a\000i\000t\000F\000o\000r\000L\000i\000s\000t\000K\000e\000y\000P\000r\000e\000s\000s\000\050\000\051}{section.11.1}% 284
\BOOKMARK [2][-]{subsection.11.1.81}{\376\377\000W\000a\000i\000t\000F\000o\000r\000L\000i\000s\000t\000K\000e\000y\000P\000r\000e\000s\000s\000W\000i\000t\000h\000T\000i\000m\000e\000o\000u\000t\000\050\000\051}{section.11.1}% 285
\BOOKMARK [2][-]{subsection.11.1.82}{\376\377\000W\000a\000i\000t\000F\000o\000r\000M\000o\000u\000s\000e\000B\000u\000t\000t\000o\000n\000\050\000\051}{section.11.1}% 286
\BOOKMARK [2][-]{subsection.11.1.83}{\376\377\000W\000a\000i\000t\000F\000o\000r\000M\000o\000u\000s\000e\000B\000u\000t\000t\000o\000n\000W\000i\000t\000h\000T\000i\000m\000e\000o\000u\000t\000\050\000\051}{section.11.1}% 287
\BOOKMARK [1][-]{section.11.2}{\376\377\000P\000E\000B\000L\000L\000i\000s\000t\000\040\000-\000\040\000L\000i\000s\000t\000\040\000M\000a\000n\000i\000p\000u\000l\000a\000t\000i\000o\000n}{chapter.11}% 288
\BOOKMARK [2][-]{subsection.11.2.1}{\376\377\000A\000p\000p\000e\000n\000d\000\050\000\051}{section.11.2}% 289
\BOOKMARK [2][-]{subsection.11.2.2}{\376\377\000C\000r\000o\000s\000s\000F\000a\000c\000t\000o\000r\000W\000i\000t\000h\000o\000u\000t\000D\000u\000p\000l\000i\000c\000a\000t\000e\000s\000\050\000\051}{section.11.2}% 290
\BOOKMARK [2][-]{subsection.11.2.3}{\376\377\000D\000e\000s\000i\000g\000n\000F\000u\000l\000l\000C\000o\000u\000n\000t\000e\000r\000b\000a\000l\000a\000n\000c\000e\000\050\000\051}{section.11.2}% 291
\BOOKMARK [2][-]{subsection.11.2.4}{\376\377\000F\000i\000r\000s\000t\000\050\000\051}{section.11.2}% 292
\BOOKMARK [2][-]{subsection.11.2.5}{\376\377\000I\000s\000M\000e\000m\000b\000e\000r\000\050\000\051}{section.11.2}% 293
\BOOKMARK [2][-]{subsection.11.2.6}{\376\377\000L\000a\000s\000t\000\050\000\051}{section.11.2}% 294
\BOOKMARK [2][-]{subsection.11.2.7}{\376\377\000L\000e\000n\000g\000t\000h\000\050\000\051}{section.11.2}% 295
\BOOKMARK [2][-]{subsection.11.2.8}{\376\377\000L\000i\000s\000t\000\050\000\051}{section.11.2}% 296
\BOOKMARK [2][-]{subsection.11.2.9}{\376\377\000L\000i\000s\000t\000T\000o\000S\000t\000r\000i\000n\000g\000\050\000\051}{section.11.2}% 297
\BOOKMARK [2][-]{subsection.11.2.10}{\376\377\000M\000e\000r\000g\000e\000\050\000\051}{section.11.2}% 298
\BOOKMARK [2][-]{subsection.11.2.11}{\376\377\000M\000o\000d\000L\000i\000s\000t\000\050\000\051}{section.11.2}% 299
\BOOKMARK [2][-]{subsection.11.2.12}{\376\377\000N\000t\000h\000\050\000\051}{section.11.2}% 300
\BOOKMARK [2][-]{subsection.11.2.13}{\376\377\000S\000e\000c\000o\000n\000d\000\050\000\051}{section.11.2}% 301
\BOOKMARK [2][-]{subsection.11.2.14}{\376\377\000T\000h\000i\000r\000d\000\050\000\051}{section.11.2}% 302
\BOOKMARK [2][-]{subsection.11.2.15}{\376\377\000F\000o\000u\000r\000t\000h\000\050\000\051}{section.11.2}% 303
\BOOKMARK [2][-]{subsection.11.2.16}{\376\377\000F\000i\000f\000t\000h\000\050\000\051}{section.11.2}% 304
\BOOKMARK [2][-]{subsection.11.2.17}{\376\377\000P\000u\000s\000h\000O\000n\000E\000n\000d\000\050\000\051}{section.11.2}% 305
\BOOKMARK [2][-]{subsection.11.2.18}{\376\377\000R\000e\000p\000e\000a\000t\000\050\000\051}{section.11.2}% 306
\BOOKMARK [2][-]{subsection.11.2.19}{\376\377\000R\000e\000p\000e\000a\000t\000L\000i\000s\000t\000\050\000\051}{section.11.2}% 307
\BOOKMARK [2][-]{subsection.11.2.20}{\376\377\000R\000o\000t\000a\000t\000e\000\050\000\051}{section.11.2}% 308
\BOOKMARK [2][-]{subsection.11.2.21}{\376\377\000S\000e\000q\000u\000e\000n\000c\000e\000\050\000\051}{section.11.2}% 309
\BOOKMARK [2][-]{subsection.11.2.22}{\376\377\000S\000e\000t\000E\000l\000e\000m\000e\000n\000t\000\050\000\051}{section.11.2}% 310
\BOOKMARK [2][-]{subsection.11.2.23}{\376\377\000S\000h\000u\000f\000f\000l\000e\000\050\000\051}{section.11.2}% 311
\BOOKMARK [2][-]{subsection.11.2.24}{\376\377\000S\000o\000r\000t\000\050\000\051}{section.11.2}% 312
\BOOKMARK [2][-]{subsection.11.2.25}{\376\377\000S\000o\000r\000t\000B\000y\000\050\000\051}{section.11.2}% 313
\BOOKMARK [2][-]{subsection.11.2.26}{\376\377\000S\000u\000b\000L\000i\000s\000t\000\050\000\051}{section.11.2}% 314
\BOOKMARK [2][-]{subsection.11.2.27}{\376\377\000T\000r\000a\000n\000s\000p\000o\000s\000e\000\050\000\051}{section.11.2}% 315
\BOOKMARK [1][-]{section.11.3}{\376\377\000P\000E\000B\000L\000M\000a\000t\000h\000\040\000-\000\040\000M\000a\000t\000h\000e\000m\000a\000t\000i\000c\000a\000l}{chapter.11}% 316
\BOOKMARK [2][-]{subsection.11.3.1}{\376\377\000A\000b\000s\000\050\000\051}{section.11.3}% 317
\BOOKMARK [2][-]{subsection.11.3.2}{\376\377\000A\000b\000s\000F\000l\000o\000o\000r\000\050\000\051}{section.11.3}% 318
\BOOKMARK [2][-]{subsection.11.3.3}{\376\377\000A\000C\000o\000s\000\050\000\051}{section.11.3}% 319
\BOOKMARK [2][-]{subsection.11.3.4}{\376\377\000A\000S\000i\000n\000\050\000\051}{section.11.3}% 320
\BOOKMARK [2][-]{subsection.11.3.5}{\376\377\000A\000T\000a\000n\000\050\000\051}{section.11.3}% 321
\BOOKMARK [2][-]{subsection.11.3.6}{\376\377\000C\000e\000i\000l\000i\000n\000g\000\050\000\051}{section.11.3}% 322
\BOOKMARK [2][-]{subsection.11.3.7}{\376\377\000C\000o\000s\000\050\000\051}{section.11.3}% 323
\BOOKMARK [2][-]{subsection.11.3.8}{\376\377\000D\000e\000g\000T\000o\000R\000a\000d\000\050\000\051}{section.11.3}% 324
\BOOKMARK [2][-]{subsection.11.3.9}{\376\377\000D\000i\000v\000\050\000\051}{section.11.3}% 325
\BOOKMARK [2][-]{subsection.11.3.10}{\376\377\000E\000x\000p\000\050\000\051}{section.11.3}% 326
\BOOKMARK [2][-]{subsection.11.3.11}{\376\377\000F\000l\000o\000o\000r\000\050\000\051}{section.11.3}% 327
\BOOKMARK [2][-]{subsection.11.3.12}{\376\377\000L\000n\000\050\000\051}{section.11.3}% 328
\BOOKMARK [2][-]{subsection.11.3.13}{\376\377\000L\000o\000g\000N\000\050\000\051}{section.11.3}% 329
\BOOKMARK [2][-]{subsection.11.3.14}{\376\377\000M\000o\000d\000\050\000\051}{section.11.3}% 330
\BOOKMARK [2][-]{subsection.11.3.15}{\376\377\000N\000t\000h\000R\000o\000o\000t\000\050\000\051}{section.11.3}% 331
\BOOKMARK [2][-]{subsection.11.3.16}{\376\377\000P\000o\000w\000\050\000\051}{section.11.3}% 332
\BOOKMARK [2][-]{subsection.11.3.17}{\376\377\000R\000a\000d\000T\000o\000D\000e\000g\000\050\000\051}{section.11.3}% 333
\BOOKMARK [2][-]{subsection.11.3.18}{\376\377\000R\000a\000n\000d\000o\000m\000\050\000\051}{section.11.3}% 334
\BOOKMARK [2][-]{subsection.11.3.19}{\376\377\000R\000a\000n\000d\000o\000m\000B\000e\000r\000n\000o\000u\000l\000l\000i\000\050\000\051}{section.11.3}% 335
\BOOKMARK [2][-]{subsection.11.3.20}{\376\377\000R\000a\000n\000d\000o\000m\000B\000i\000n\000o\000m\000i\000a\000l\000\050\000\051}{section.11.3}% 336
\BOOKMARK [2][-]{subsection.11.3.21}{\376\377\000R\000a\000n\000d\000o\000m\000D\000i\000s\000c\000r\000e\000t\000e\000\050\000\051}{section.11.3}% 337
\BOOKMARK [2][-]{subsection.11.3.22}{\376\377\000R\000a\000n\000d\000o\000m\000E\000x\000p\000o\000n\000e\000n\000t\000i\000a\000l\000\050\000\051}{section.11.3}% 338
\BOOKMARK [2][-]{subsection.11.3.23}{\376\377\000R\000a\000n\000d\000o\000m\000i\000z\000e\000T\000i\000m\000e\000r\000\050\000\051}{section.11.3}% 339
\BOOKMARK [2][-]{subsection.11.3.24}{\376\377\000R\000a\000n\000d\000o\000m\000L\000o\000g\000i\000s\000t\000i\000c\000\050\000\051}{section.11.3}% 340
\BOOKMARK [2][-]{subsection.11.3.25}{\376\377\000R\000a\000n\000d\000o\000m\000L\000o\000g\000N\000o\000r\000m\000a\000l\000\050\000\051}{section.11.3}% 341
\BOOKMARK [2][-]{subsection.11.3.26}{\376\377\000R\000a\000n\000d\000o\000m\000N\000o\000r\000m\000a\000l\000\050\000\051}{section.11.3}% 342
\BOOKMARK [2][-]{subsection.11.3.27}{\376\377\000R\000a\000n\000d\000o\000m\000U\000n\000i\000f\000o\000r\000m\000\050\000\051}{section.11.3}% 343
\BOOKMARK [2][-]{subsection.11.3.28}{\376\377\000R\000o\000u\000n\000d\000\050\000\051}{section.11.3}% 344
\BOOKMARK [2][-]{subsection.11.3.29}{\376\377\000S\000e\000e\000d\000R\000N\000G\000\050\000\051}{section.11.3}% 345
\BOOKMARK [2][-]{subsection.11.3.30}{\376\377\000S\000i\000g\000n\000\050\000\051}{section.11.3}% 346
\BOOKMARK [2][-]{subsection.11.3.31}{\376\377\000S\000i\000n\000\050\000\051}{section.11.3}% 347
\BOOKMARK [2][-]{subsection.11.3.32}{\376\377\000S\000q\000r\000t\000\050\000\051}{section.11.3}% 348
\BOOKMARK [2][-]{subsection.11.3.33}{\376\377\000T\000a\000n\000\050\000\051}{section.11.3}% 349
\BOOKMARK [2][-]{subsection.11.3.34}{\376\377\000T\000o\000F\000l\000o\000a\000t\000\050\000\051}{section.11.3}% 350
\BOOKMARK [2][-]{subsection.11.3.35}{\376\377\000T\000o\000I\000n\000t\000e\000g\000e\000r\000\050\000\051}{section.11.3}% 351
\BOOKMARK [2][-]{subsection.11.3.36}{\376\377\000T\000o\000N\000u\000m\000b\000e\000r\000\050\000\051}{section.11.3}% 352
\BOOKMARK [2][-]{subsection.11.3.37}{\376\377\000T\000o\000S\000t\000r\000i\000n\000g\000\050\000\051}{section.11.3}% 353
\BOOKMARK [1][-]{section.11.4}{\376\377\000P\000E\000B\000L\000O\000b\000j\000e\000c\000t\000s\000\040\000-\000\040\000G\000r\000a\000p\000h\000i\000c\000s\000\040\000a\000n\000d\000\040\000O\000b\000j\000e\000c\000t\000s}{chapter.11}% 354
\BOOKMARK [2][-]{subsection.11.4.1}{\376\377\000A\000d\000d\000O\000b\000j\000e\000c\000t\000\050\000\051}{section.11.4}% 355
\BOOKMARK [2][-]{subsection.11.4.2}{\376\377\000B\000e\000z\000i\000e\000r\000\050\000\051}{section.11.4}% 356
\BOOKMARK [2][-]{subsection.11.4.3}{\376\377\000C\000i\000r\000c\000l\000e\000\050\000\051}{section.11.4}% 357
\BOOKMARK [2][-]{subsection.11.4.4}{\376\377\000D\000r\000a\000w\000\050\000\051}{section.11.4}% 358
\BOOKMARK [2][-]{subsection.11.4.5}{\376\377\000D\000r\000a\000w\000F\000o\000r\000\050\000\051}{section.11.4}% 359
\BOOKMARK [2][-]{subsection.11.4.6}{\376\377\000E\000l\000l\000i\000p\000s\000e\000\050\000\051}{section.11.4}% 360
\BOOKMARK [2][-]{subsection.11.4.7}{\376\377\000G\000e\000t\000C\000u\000r\000s\000o\000r\000P\000o\000s\000i\000t\000i\000o\000n\000\050\000\051}{section.11.4}% 361
\BOOKMARK [2][-]{subsection.11.4.8}{\376\377\000G\000e\000t\000L\000i\000n\000e\000B\000r\000e\000a\000k\000s\000\050\000\051}{section.11.4}% 362
\BOOKMARK [2][-]{subsection.11.4.9}{\376\377\000G\000e\000t\000P\000a\000r\000e\000n\000t\000\050\000\051}{section.11.4}% 363
\BOOKMARK [2][-]{subsection.11.4.10}{\376\377\000G\000e\000t\000P\000i\000x\000e\000l\000C\000o\000l\000o\000r\000\050\000\051}{section.11.4}% 364
\BOOKMARK [2][-]{subsection.11.4.11}{\376\377\000G\000e\000t\000P\000r\000o\000p\000e\000r\000t\000y\000\050\000\051}{section.11.4}% 365
\BOOKMARK [2][-]{subsection.11.4.12}{\376\377\000G\000e\000t\000P\000r\000o\000p\000e\000r\000t\000y\000L\000i\000s\000t\000\050\000\051}{section.11.4}% 366
\BOOKMARK [2][-]{subsection.11.4.13}{\376\377\000G\000e\000t\000S\000i\000z\000e\000\050\000\051}{section.11.4}% 367
\BOOKMARK [2][-]{subsection.11.4.14}{\376\377\000G\000e\000t\000T\000e\000x\000t\000\050\000\051}{section.11.4}% 368
\BOOKMARK [2][-]{subsection.11.4.15}{\376\377\000G\000e\000t\000V\000o\000c\000a\000l\000R\000e\000s\000p\000o\000n\000s\000e\000T\000i\000m\000e\000\050\000\051}{section.11.4}% 369
\BOOKMARK [2][-]{subsection.11.4.16}{\376\377\000H\000i\000d\000e\000\050\000\051}{section.11.4}% 370
\BOOKMARK [2][-]{subsection.11.4.17}{\376\377\000L\000i\000n\000e\000\050\000\051}{section.11.4}% 371
\BOOKMARK [2][-]{subsection.11.4.18}{\376\377\000L\000o\000a\000d\000A\000u\000d\000i\000o\000F\000i\000l\000e\000\050\000\051}{section.11.4}% 372
\BOOKMARK [2][-]{subsection.11.4.19}{\376\377\000L\000o\000a\000d\000M\000o\000v\000i\000e\000\050\000\051}{section.11.4}% 373
\BOOKMARK [2][-]{subsection.11.4.20}{\376\377\000L\000o\000a\000d\000S\000o\000u\000n\000d\000\050\000\051}{section.11.4}% 374
\BOOKMARK [2][-]{subsection.11.4.21}{\376\377\000M\000a\000k\000e\000A\000u\000d\000i\000o\000I\000n\000p\000u\000t\000B\000u\000f\000f\000e\000r\000\050\000\051}{section.11.4}% 375
\BOOKMARK [2][-]{subsection.11.4.22}{\376\377\000M\000a\000k\000e\000C\000a\000n\000v\000a\000s\000\050\000\051}{section.11.4}% 376
\BOOKMARK [2][-]{subsection.11.4.23}{\376\377\000M\000a\000k\000e\000C\000o\000l\000o\000r\000\050\000\051}{section.11.4}% 377
\BOOKMARK [2][-]{subsection.11.4.24}{\376\377\000M\000a\000k\000e\000C\000o\000l\000o\000r\000R\000G\000B\000\050\000\051}{section.11.4}% 378
\BOOKMARK [2][-]{subsection.11.4.25}{\376\377\000M\000a\000k\000e\000C\000u\000s\000t\000o\000m\000O\000b\000j\000e\000c\000t\000\050\000\051}{section.11.4}% 379
\BOOKMARK [2][-]{subsection.11.4.26}{\376\377\000M\000a\000k\000e\000F\000o\000n\000t\000\050\000\051}{section.11.4}% 380
\BOOKMARK [2][-]{subsection.11.4.27}{\376\377\000M\000a\000k\000e\000I\000m\000a\000g\000e\000\050\000\051}{section.11.4}% 381
\BOOKMARK [2][-]{subsection.11.4.28}{\376\377\000M\000a\000k\000e\000L\000a\000b\000e\000l\000\050\000\051}{section.11.4}% 382
\BOOKMARK [2][-]{subsection.11.4.29}{\376\377\000M\000a\000k\000e\000S\000i\000n\000e\000W\000a\000v\000e\000\050\000\051}{section.11.4}% 383
\BOOKMARK [2][-]{subsection.11.4.30}{\376\377\000M\000a\000k\000e\000T\000e\000x\000t\000B\000o\000x\000\050\000\051}{section.11.4}% 384
\BOOKMARK [2][-]{subsection.11.4.31}{\376\377\000M\000a\000k\000e\000W\000i\000n\000d\000o\000w\000\050\000\051}{section.11.4}% 385
\BOOKMARK [2][-]{subsection.11.4.32}{\376\377\000M\000o\000v\000e\000\050\000\051}{section.11.4}% 386
\BOOKMARK [2][-]{subsection.11.4.33}{\376\377\000P\000a\000u\000s\000e\000P\000l\000a\000y\000b\000a\000c\000k\000\050\000\051}{section.11.4}% 387
\BOOKMARK [2][-]{subsection.11.4.34}{\376\377\000P\000l\000a\000y\000B\000a\000c\000k\000g\000r\000o\000u\000n\000d\000\050\000\051}{section.11.4}% 388
\BOOKMARK [2][-]{subsection.11.4.35}{\376\377\000P\000l\000a\000y\000F\000o\000r\000e\000g\000r\000o\000u\000n\000d\000\050\000\051}{section.11.4}% 389
\BOOKMARK [2][-]{subsection.11.4.36}{\376\377\000P\000o\000l\000y\000g\000o\000n\000\050\000\051}{section.11.4}% 390
\BOOKMARK [2][-]{subsection.11.4.37}{\376\377\000P\000r\000i\000n\000t\000P\000r\000o\000p\000e\000r\000t\000i\000e\000s\000\050\000\051}{section.11.4}% 391
\BOOKMARK [2][-]{subsection.11.4.38}{\376\377\000P\000r\000o\000p\000e\000r\000t\000y\000E\000x\000i\000s\000t\000s\000\050\000\051}{section.11.4}% 392
\BOOKMARK [2][-]{subsection.11.4.39}{\376\377\000R\000e\000c\000t\000a\000n\000g\000l\000e\000\050\000\051}{section.11.4}% 393
\BOOKMARK [2][-]{subsection.11.4.40}{\376\377\000R\000e\000m\000o\000v\000e\000O\000b\000j\000e\000c\000t\000\050\000\051}{section.11.4}% 394
\BOOKMARK [2][-]{subsection.11.4.41}{\376\377\000R\000e\000s\000i\000z\000e\000W\000i\000n\000d\000o\000w\000\050\000\051}{section.11.4}% 395
\BOOKMARK [2][-]{subsection.11.4.42}{\376\377\000R\000o\000t\000o\000Z\000o\000o\000m\000\050\000\051}{section.11.4}% 396
\BOOKMARK [2][-]{subsection.11.4.43}{\376\377\000S\000a\000v\000e\000A\000u\000d\000i\000o\000T\000o\000W\000a\000v\000e\000F\000i\000l\000e\000\050\000\051}{section.11.4}% 397
\BOOKMARK [2][-]{subsection.11.4.44}{\376\377\000R\000e\000c\000o\000r\000d\000T\000o\000B\000u\000f\000f\000e\000r\000\050\000\051}{section.11.4}% 398
\BOOKMARK [2][-]{subsection.11.4.45}{\376\377\000S\000t\000a\000r\000t\000A\000u\000d\000i\000o\000M\000o\000n\000i\000t\000o\000r\000\050\000\051}{section.11.4}% 399
\BOOKMARK [2][-]{subsection.11.4.46}{\376\377\000S\000t\000o\000p\000A\000u\000d\000i\000o\000M\000o\000n\000i\000t\000o\000r\000\050\000\051}{section.11.4}% 400
\BOOKMARK [2][-]{subsection.11.4.47}{\376\377\000G\000e\000t\000A\000u\000d\000i\000o\000S\000t\000a\000t\000s\000\050\000\051}{section.11.4}% 401
\BOOKMARK [2][-]{subsection.11.4.48}{\376\377\000S\000e\000t\000C\000u\000r\000s\000o\000r\000P\000o\000s\000i\000t\000i\000o\000n\000\050\000\051}{section.11.4}% 402
\BOOKMARK [2][-]{subsection.11.4.49}{\376\377\000S\000e\000t\000E\000d\000i\000t\000a\000b\000l\000e\000\050\000\051}{section.11.4}% 403
\BOOKMARK [2][-]{subsection.11.4.50}{\376\377\000S\000e\000t\000F\000o\000n\000t\000\050\000\051}{section.11.4}% 404
\BOOKMARK [2][-]{subsection.11.4.51}{\376\377\000S\000e\000t\000P\000a\000n\000n\000i\000n\000g\000\050\000\051}{section.11.4}% 405
\BOOKMARK [2][-]{subsection.11.4.52}{\376\377\000S\000e\000t\000P\000l\000a\000y\000R\000e\000p\000e\000a\000t\000s\000\050\000\051}{section.11.4}% 406
\BOOKMARK [2][-]{subsection.11.4.53}{\376\377\000S\000e\000t\000P\000r\000o\000p\000e\000r\000t\000y\000\050\000\051}{section.11.4}% 407
\BOOKMARK [2][-]{subsection.11.4.54}{\376\377\000S\000e\000t\000P\000i\000x\000e\000l\000\050\000\051}{section.11.4}% 408
\BOOKMARK [2][-]{subsection.11.4.55}{\376\377\000S\000e\000t\000P\000o\000i\000n\000t\000\050\000\051}{section.11.4}% 409
\BOOKMARK [2][-]{subsection.11.4.56}{\376\377\000S\000e\000t\000T\000e\000x\000t\000\050\000\051}{section.11.4}% 410
\BOOKMARK [2][-]{subsection.11.4.57}{\376\377\000S\000h\000o\000w\000\050\000\051}{section.11.4}% 411
\BOOKMARK [2][-]{subsection.11.4.58}{\376\377\000S\000q\000u\000a\000r\000e\000\050\000\051}{section.11.4}% 412
\BOOKMARK [2][-]{subsection.11.4.59}{\376\377\000S\000t\000a\000r\000t\000P\000l\000a\000y\000b\000a\000c\000k\000\050\000\051}{section.11.4}% 413
\BOOKMARK [2][-]{subsection.11.4.60}{\376\377\000S\000t\000o\000p\000\050\000\051}{section.11.4}% 414
\BOOKMARK [2][-]{subsection.11.4.61}{\376\377\000T\000h\000i\000c\000k\000L\000i\000n\000e\000\050\000\051}{section.11.4}% 415
\BOOKMARK [1][-]{section.11.5}{\376\377\000P\000E\000B\000L\000S\000t\000r\000e\000a\000m\000\040\000-\000\040\000F\000i\000l\000e\000\040\000a\000n\000d\000\040\000N\000e\000t\000w\000o\000r\000k\000\040\000I\000/\000O}{chapter.11}% 416
\BOOKMARK [2][-]{subsection.11.5.1}{\376\377\000A\000p\000p\000e\000n\000d\000F\000i\000l\000e\000\050\000\051}{section.11.5}% 417
\BOOKMARK [2][-]{subsection.11.5.2}{\376\377\000A\000c\000c\000e\000p\000t\000N\000e\000t\000w\000o\000r\000k\000C\000o\000n\000n\000e\000c\000t\000i\000o\000n\000\050\000\051}{section.11.5}% 418
\BOOKMARK [2][-]{subsection.11.5.3}{\376\377\000C\000h\000e\000c\000k\000F\000o\000r\000N\000e\000t\000w\000o\000r\000k\000C\000o\000n\000n\000e\000c\000t\000i\000o\000n\000\050\000\051}{section.11.5}% 419
\BOOKMARK [2][-]{subsection.11.5.4}{\376\377\000C\000l\000o\000s\000e\000N\000e\000t\000w\000o\000r\000k\000C\000o\000n\000n\000e\000c\000t\000i\000o\000n\000\050\000\051}{section.11.5}% 420
\BOOKMARK [2][-]{subsection.11.5.5}{\376\377\000C\000o\000n\000n\000e\000c\000t\000T\000o\000H\000o\000s\000t\000\050\000\051}{section.11.5}% 421
\BOOKMARK [2][-]{subsection.11.5.6}{\376\377\000C\000o\000n\000n\000e\000c\000t\000T\000o\000I\000P\000\050\000\051}{section.11.5}% 422
\BOOKMARK [2][-]{subsection.11.5.7}{\376\377\000C\000o\000p\000y\000F\000i\000l\000e\000\050\000\051}{section.11.5}% 423
\BOOKMARK [2][-]{subsection.11.5.8}{\376\377\000E\000n\000d\000O\000f\000F\000i\000l\000e\000\050\000\051}{section.11.5}% 424
\BOOKMARK [2][-]{subsection.11.5.9}{\376\377\000E\000n\000d\000O\000f\000L\000i\000n\000e\000\050\000\051}{section.11.5}% 425
\BOOKMARK [2][-]{subsection.11.5.10}{\376\377\000F\000i\000l\000e\000C\000l\000o\000s\000e\000\050\000\051}{section.11.5}% 426
\BOOKMARK [2][-]{subsection.11.5.11}{\376\377\000F\000i\000l\000e\000O\000p\000e\000n\000A\000p\000p\000e\000n\000d\000\050\000\051}{section.11.5}% 427
\BOOKMARK [2][-]{subsection.11.5.12}{\376\377\000F\000i\000l\000e\000O\000p\000e\000n\000O\000v\000e\000r\000w\000r\000i\000t\000e\000\050\000\051}{section.11.5}% 428
\BOOKMARK [2][-]{subsection.11.5.13}{\376\377\000F\000i\000l\000e\000O\000p\000e\000n\000R\000e\000a\000d\000\050\000\051}{section.11.5}% 429
\BOOKMARK [2][-]{subsection.11.5.14}{\376\377\000F\000i\000l\000e\000O\000p\000e\000n\000W\000r\000i\000t\000e\000\050\000\051}{section.11.5}% 430
\BOOKMARK [2][-]{subsection.11.5.15}{\376\377\000F\000i\000l\000e\000P\000r\000i\000n\000t\000\050\000\051}{section.11.5}% 431
\BOOKMARK [2][-]{subsection.11.5.16}{\376\377\000F\000i\000l\000e\000R\000e\000a\000d\000C\000h\000a\000r\000a\000c\000t\000e\000r\000\050\000\051}{section.11.5}% 432
\BOOKMARK [2][-]{subsection.11.5.17}{\376\377\000F\000i\000l\000e\000R\000e\000a\000d\000L\000i\000n\000e\000\050\000\051}{section.11.5}% 433
\BOOKMARK [2][-]{subsection.11.5.18}{\376\377\000F\000i\000l\000e\000R\000e\000a\000d\000L\000i\000s\000t\000\050\000\051}{section.11.5}% 434
\BOOKMARK [2][-]{subsection.11.5.19}{\376\377\000F\000i\000l\000e\000R\000e\000a\000d\000T\000a\000b\000l\000e\000\050\000\051}{section.11.5}% 435
\BOOKMARK [2][-]{subsection.11.5.20}{\376\377\000F\000i\000l\000e\000R\000e\000a\000d\000T\000e\000x\000t\000\050\000\051}{section.11.5}% 436
\BOOKMARK [2][-]{subsection.11.5.21}{\376\377\000F\000i\000l\000e\000R\000e\000a\000d\000W\000o\000r\000d\000\050\000\051}{section.11.5}% 437
\BOOKMARK [2][-]{subsection.11.5.22}{\376\377\000M\000D\0005\000F\000i\000l\000e\000\050\000\051}{section.11.5}% 438
\BOOKMARK [2][-]{subsection.11.5.23}{\376\377\000M\000D\0005\000S\000u\000m\000\050\000\051}{section.11.5}% 439
\BOOKMARK [2][-]{subsection.11.5.24}{\376\377\000G\000e\000t\000D\000a\000t\000a\000\050\000\051}{section.11.5}% 440
\BOOKMARK [2][-]{subsection.11.5.25}{\376\377\000G\000e\000t\000M\000y\000I\000P\000A\000d\000d\000r\000e\000s\000s\000\050\000\051}{section.11.5}% 441
\BOOKMARK [2][-]{subsection.11.5.26}{\376\377\000G\000e\000t\000P\000P\000o\000r\000t\000S\000t\000a\000t\000e\000\050\000\051}{section.11.5}% 442
\BOOKMARK [2][-]{subsection.11.5.27}{\376\377\000O\000p\000e\000n\000C\000O\000M\000P\000o\000r\000t\000\050\000\051}{section.11.5}% 443
\BOOKMARK [2][-]{subsection.11.5.28}{\376\377\000O\000p\000e\000n\000N\000e\000t\000w\000o\000r\000k\000L\000i\000s\000t\000e\000n\000e\000r\000\050\000\051}{section.11.5}% 444
\BOOKMARK [2][-]{subsection.11.5.29}{\376\377\000O\000p\000e\000n\000P\000P\000o\000r\000t\000\050\000\051}{section.11.5}% 445
\BOOKMARK [2][-]{subsection.11.5.30}{\376\377\000P\000a\000r\000s\000e\000J\000S\000O\000N\000\050\000\051}{section.11.5}% 446
\BOOKMARK [2][-]{subsection.11.5.31}{\376\377\000P\000r\000i\000n\000t\000\050\000\051}{section.11.5}% 447
\BOOKMARK [2][-]{subsection.11.5.32}{\376\377\000S\000e\000n\000d\000D\000a\000t\000a\000\050\000\051}{section.11.5}% 448
\BOOKMARK [2][-]{subsection.11.5.33}{\376\377\000S\000e\000t\000N\000e\000t\000w\000o\000r\000k\000P\000o\000r\000t\000\050\000\051}{section.11.5}% 449
\BOOKMARK [2][-]{subsection.11.5.34}{\376\377\000S\000e\000t\000P\000P\000o\000r\000t\000M\000o\000d\000e\000\050\000\051}{section.11.5}% 450
\BOOKMARK [2][-]{subsection.11.5.35}{\376\377\000S\000e\000t\000P\000P\000o\000r\000t\000S\000t\000a\000t\000e\000\050\000\051}{section.11.5}% 451
\BOOKMARK [2][-]{subsection.11.5.36}{\376\377\000W\000a\000i\000t\000F\000o\000r\000N\000e\000t\000w\000o\000r\000k\000C\000o\000n\000n\000e\000c\000t\000i\000o\000n\000\050\000\051}{section.11.5}% 452
\BOOKMARK [2][-]{subsection.11.5.37}{\376\377\000W\000r\000i\000t\000e\000P\000N\000G\000\050\000\051}{section.11.5}% 453
\BOOKMARK [2][-]{subsection.11.5.38}{\376\377\000C\000O\000M\000P\000o\000r\000t\000G\000e\000t\000B\000y\000t\000e\000\050\000\051}{section.11.5}% 454
\BOOKMARK [2][-]{subsection.11.5.39}{\376\377\000C\000O\000M\000P\000o\000r\000t\000S\000e\000n\000d\000B\000y\000t\000e\000\050\000\051}{section.11.5}% 455
\BOOKMARK [2][-]{subsection.11.5.40}{\376\377\000G\000e\000t\000H\000T\000T\000P\000F\000i\000l\000e\000\050\000\051}{section.11.5}% 456
\BOOKMARK [2][-]{subsection.11.5.41}{\376\377\000G\000e\000t\000H\000T\000T\000P\000T\000e\000x\000t\000\050\000\051}{section.11.5}% 457
\BOOKMARK [2][-]{subsection.11.5.42}{\376\377\000P\000o\000s\000t\000H\000T\000T\000P\000\050\000\051}{section.11.5}% 458
\BOOKMARK [2][-]{subsection.11.5.43}{\376\377\000P\000o\000s\000t\000H\000T\000T\000P\000F\000i\000l\000e\000\050\000\051}{section.11.5}% 459
\BOOKMARK [1][-]{section.11.6}{\376\377\000P\000E\000B\000L\000S\000t\000r\000i\000n\000g\000\040\000-\000\040\000S\000t\000r\000i\000n\000g\000\040\000M\000a\000n\000i\000p\000u\000l\000a\000t\000i\000o\000n}{chapter.11}% 460
\BOOKMARK [2][-]{subsection.11.6.1}{\376\377\000C\000o\000p\000y\000T\000o\000C\000l\000i\000p\000b\000o\000a\000r\000d\000\050\000\051}{section.11.6}% 461
\BOOKMARK [2][-]{subsection.11.6.2}{\376\377\000F\000i\000n\000d\000I\000n\000S\000t\000r\000i\000n\000g\000\050\000\051}{section.11.6}% 462
\BOOKMARK [2][-]{subsection.11.6.3}{\376\377\000F\000o\000r\000m\000a\000t\000\050\000\051}{section.11.6}% 463
\BOOKMARK [2][-]{subsection.11.6.4}{\376\377\000L\000o\000w\000e\000r\000c\000a\000s\000e\000\050\000\051}{section.11.6}% 464
\BOOKMARK [2][-]{subsection.11.6.5}{\376\377\000S\000p\000l\000i\000t\000S\000t\000r\000i\000n\000g\000\050\000\051}{section.11.6}% 465
\BOOKMARK [2][-]{subsection.11.6.6}{\376\377\000S\000t\000r\000i\000n\000g\000L\000e\000n\000g\000t\000h\000\050\000\051}{section.11.6}% 466
\BOOKMARK [2][-]{subsection.11.6.7}{\376\377\000S\000u\000b\000S\000t\000r\000i\000n\000g\000\050\000\051}{section.11.6}% 467
\BOOKMARK [2][-]{subsection.11.6.8}{\376\377\000T\000o\000A\000S\000C\000I\000I\000\050\000\051}{section.11.6}% 468
\BOOKMARK [2][-]{subsection.11.6.9}{\376\377\000U\000p\000p\000e\000r\000c\000a\000s\000e\000\050\000\051}{section.11.6}% 469
\BOOKMARK [2][-]{subsection.11.6.10}{\376\377\000D\000e\000t\000e\000c\000t\000T\000e\000x\000t\000S\000c\000r\000i\000p\000t\000\050\000\051}{section.11.6}% 470
\BOOKMARK [2][-]{subsection.11.6.11}{\376\377\000I\000s\000R\000T\000L\000\050\000\051}{section.11.6}% 471
\BOOKMARK [2][-]{subsection.11.6.12}{\376\377\000G\000e\000t\000F\000o\000n\000t\000F\000o\000r\000T\000e\000x\000t\000\050\000\051}{section.11.6}% 472
\BOOKMARK [2][-]{subsection.11.6.13}{\376\377\000G\000e\000t\000S\000y\000s\000t\000e\000m\000L\000o\000c\000a\000l\000e\000\050\000\051}{section.11.6}% 473
\BOOKMARK [2][-]{subsection.11.6.14}{\376\377\000I\000s\000S\000y\000s\000t\000e\000m\000L\000o\000c\000a\000l\000e\000R\000T\000L\000\050\000\051}{section.11.6}% 474
\BOOKMARK [1][-]{section.11.7}{\376\377\000D\000e\000s\000i\000g\000n\000\040\000L\000i\000b\000r\000a\000r\000y\000\040\000-\000\040\000E\000x\000p\000e\000r\000i\000m\000e\000n\000t\000a\000l\000\040\000D\000e\000s\000i\000g\000n}{chapter.11}% 475
\BOOKMARK [2][-]{subsection.11.7.1}{\376\377\000C\000h\000o\000o\000s\000e\000N\000\050\000\051}{section.11.7}% 476
\BOOKMARK [2][-]{subsection.11.7.2}{\376\377\000D\000e\000s\000i\000g\000n\000B\000a\000l\000a\000n\000c\000e\000d\000S\000a\000m\000p\000l\000i\000n\000g\000\050\000\051}{section.11.7}% 477
\BOOKMARK [2][-]{subsection.11.7.3}{\376\377\000D\000e\000s\000i\000g\000n\000G\000r\000e\000c\000o\000L\000a\000t\000i\000n\000S\000q\000u\000a\000r\000e\000\050\000\051}{section.11.7}% 478
\BOOKMARK [2][-]{subsection.11.7.4}{\376\377\000D\000e\000s\000i\000g\000n\000L\000a\000t\000i\000n\000S\000q\000u\000a\000r\000e\000\050\000\051}{section.11.7}% 479
\BOOKMARK [2][-]{subsection.11.7.5}{\376\377\000E\000x\000t\000r\000a\000c\000t\000L\000i\000s\000t\000I\000t\000e\000m\000s\000\050\000\051}{section.11.7}% 480
\BOOKMARK [2][-]{subsection.11.7.6}{\376\377\000F\000l\000a\000t\000t\000e\000n\000\050\000\051}{section.11.7}% 481
\BOOKMARK [2][-]{subsection.11.7.7}{\376\377\000F\000l\000a\000t\000t\000e\000n\000N\000\050\000\051}{section.11.7}% 482
\BOOKMARK [2][-]{subsection.11.7.8}{\376\377\000F\000o\000l\000d\000L\000i\000s\000t\000\050\000\051}{section.11.7}% 483
\BOOKMARK [2][-]{subsection.11.7.9}{\376\377\000I\000n\000s\000e\000r\000t\000\050\000\051}{section.11.7}% 484
\BOOKMARK [2][-]{subsection.11.7.10}{\376\377\000L\000a\000t\000i\000n\000S\000q\000u\000a\000r\000e\000\050\000\051}{section.11.7}% 485
\BOOKMARK [2][-]{subsection.11.7.11}{\376\377\000L\000e\000v\000e\000l\000s\000\050\000\051}{section.11.7}% 486
\BOOKMARK [2][-]{subsection.11.7.12}{\376\377\000L\000i\000s\000t\000B\000y\000\050\000\051}{section.11.7}% 487
\BOOKMARK [2][-]{subsection.11.7.13}{\376\377\000R\000e\000m\000o\000v\000e\000S\000u\000b\000s\000e\000t\000\050\000\051}{section.11.7}% 488
\BOOKMARK [2][-]{subsection.11.7.14}{\376\377\000R\000e\000p\000l\000a\000c\000e\000\050\000\051}{section.11.7}% 489
\BOOKMARK [2][-]{subsection.11.7.15}{\376\377\000R\000e\000s\000t\000\050\000\051}{section.11.7}% 490
\BOOKMARK [2][-]{subsection.11.7.16}{\376\377\000S\000a\000m\000p\000l\000e\000\050\000\051}{section.11.7}% 491
\BOOKMARK [2][-]{subsection.11.7.17}{\376\377\000S\000a\000m\000p\000l\000e\000N\000\050\000\051}{section.11.7}% 492
\BOOKMARK [2][-]{subsection.11.7.18}{\376\377\000S\000a\000m\000p\000l\000e\000N\000W\000i\000t\000h\000R\000e\000p\000l\000a\000c\000e\000m\000e\000n\000t\000\050\000\051}{section.11.7}% 493
\BOOKMARK [2][-]{subsection.11.7.19}{\376\377\000S\000h\000u\000f\000f\000l\000e\000R\000e\000p\000e\000a\000t\000\050\000\051}{section.11.7}% 494
\BOOKMARK [2][-]{subsection.11.7.20}{\376\377\000S\000h\000u\000f\000f\000l\000e\000W\000i\000t\000h\000o\000u\000t\000A\000d\000j\000a\000c\000e\000n\000t\000s\000\050\000\051}{section.11.7}% 495
\BOOKMARK [2][-]{subsection.11.7.21}{\376\377\000S\000u\000b\000s\000e\000t\000\050\000\051}{section.11.7}% 496
\BOOKMARK [2][-]{subsection.11.7.22}{\376\377\000F\000u\000n\000c\000t\000i\000o\000n\000s\000\040\000P\000e\000n\000d\000i\000n\000g\000\040\000D\000o\000c\000u\000m\000e\000n\000t\000a\000t\000i\000o\000n}{section.11.7}% 497
\BOOKMARK [2][-]{subsection.11.7.23}{\376\377\000F\000i\000n\000d\000T\000o\000k\000e\000n\000\050\000\051}{section.11.7}% 498
\BOOKMARK [2][-]{subsection.11.7.24}{\376\377\000R\000e\000v\000e\000r\000s\000e\000\050\000\051}{section.11.7}% 499
\BOOKMARK [1][-]{section.11.8}{\376\377\000G\000r\000a\000p\000h\000i\000c\000s\000\040\000L\000i\000b\000r\000a\000r\000y\000\040\000-\000\040\000A\000d\000v\000a\000n\000c\000e\000d\000\040\000G\000r\000a\000p\000h\000i\000c\000s}{chapter.11}% 500
\BOOKMARK [2][-]{subsection.11.8.1}{\376\377\000B\000l\000o\000c\000k\000E\000\050\000\051}{section.11.8}% 501
\BOOKMARK [2][-]{subsection.11.8.2}{\376\377\000C\000o\000n\000v\000e\000x\000H\000u\000l\000l\000\050\000\051}{section.11.8}% 502
\BOOKMARK [2][-]{subsection.11.8.3}{\376\377\000G\000e\000t\000A\000n\000g\000l\000e\000\050\000\051}{section.11.8}% 503
\BOOKMARK [2][-]{subsection.11.8.4}{\376\377\000G\000e\000t\000A\000n\000g\000l\000e\0003\000\050\000\051}{section.11.8}% 504
\BOOKMARK [2][-]{subsection.11.8.5}{\376\377\000K\000a\000n\000i\000s\000z\000a\000P\000o\000l\000y\000g\000o\000n\000\050\000\051}{section.11.8}% 505
\BOOKMARK [2][-]{subsection.11.8.6}{\376\377\000K\000a\000n\000i\000s\000z\000a\000S\000q\000u\000a\000r\000e\000\050\000\051}{section.11.8}% 506
\BOOKMARK [2][-]{subsection.11.8.7}{\376\377\000L\000a\000y\000o\000u\000t\000G\000r\000i\000d\000\050\000\051}{section.11.8}% 507
\BOOKMARK [2][-]{subsection.11.8.8}{\376\377\000M\000a\000k\000e\000A\000t\000t\000n\000e\000a\000v\000e\000\050\000\051}{section.11.8}% 508
\BOOKMARK [2][-]{subsection.11.8.9}{\376\377\000M\000a\000k\000e\000G\000a\000b\000o\000r\000\050\000\051}{section.11.8}% 509
\BOOKMARK [2][-]{subsection.11.8.10}{\376\377\000M\000a\000k\000e\000G\000r\000a\000p\000h\000\050\000\051}{section.11.8}% 510
\BOOKMARK [2][-]{subsection.11.8.11}{\376\377\000M\000a\000k\000e\000N\000G\000o\000n\000P\000o\000i\000n\000t\000s\000\050\000\051}{section.11.8}% 511
\BOOKMARK [2][-]{subsection.11.8.12}{\376\377\000M\000a\000k\000e\000S\000t\000a\000r\000P\000o\000i\000n\000t\000s\000\050\000\051}{section.11.8}% 512
\BOOKMARK [2][-]{subsection.11.8.13}{\376\377\000N\000o\000n\000O\000v\000e\000r\000l\000a\000p\000L\000a\000y\000o\000u\000t\000\050\000\051}{section.11.8}% 513
\BOOKMARK [2][-]{subsection.11.8.14}{\376\377\000P\000l\000u\000s\000\050\000\051}{section.11.8}% 514
\BOOKMARK [2][-]{subsection.11.8.15}{\376\377\000R\000e\000f\000l\000e\000c\000t\000P\000o\000i\000n\000t\000s\000\050\000\051}{section.11.8}% 515
\BOOKMARK [2][-]{subsection.11.8.16}{\376\377\000R\000e\000s\000e\000t\000C\000a\000n\000v\000a\000s\000\050\000\051}{section.11.8}% 516
\BOOKMARK [2][-]{subsection.11.8.17}{\376\377\000R\000G\000B\000t\000o\000H\000S\000V\000\050\000\051}{section.11.8}% 517
\BOOKMARK [2][-]{subsection.11.8.18}{\376\377\000R\000o\000t\000a\000t\000e\000P\000o\000i\000n\000t\000s\000\050\000\051}{section.11.8}% 518
\BOOKMARK [2][-]{subsection.11.8.19}{\376\377\000S\000e\000g\000m\000e\000n\000t\000s\000I\000n\000t\000e\000r\000s\000e\000c\000t\000\050\000\051}{section.11.8}% 519
\BOOKMARK [2][-]{subsection.11.8.20}{\376\377\000T\000o\000R\000i\000g\000h\000t\000\050\000\051}{section.11.8}% 520
\BOOKMARK [2][-]{subsection.11.8.21}{\376\377\000Z\000o\000o\000m\000P\000o\000i\000n\000t\000s\000\050\000\051}{section.11.8}% 521
\BOOKMARK [2][-]{subsection.11.8.22}{\376\377\000F\000u\000n\000c\000t\000i\000o\000n\000s\000\040\000P\000e\000n\000d\000i\000n\000g\000\040\000D\000o\000c\000u\000m\000e\000n\000t\000a\000t\000i\000o\000n}{section.11.8}% 522
\BOOKMARK [2][-]{subsection.11.8.23}{\376\377\000G\000e\000t\000M\000i\000n\000D\000i\000s\000t\000\050\000\051}{section.11.8}% 523
\BOOKMARK [2][-]{subsection.11.8.24}{\376\377\000H\000i\000d\000e\000O\000b\000j\000e\000c\000t\000\050\000\051}{section.11.8}% 524
\BOOKMARK [2][-]{subsection.11.8.25}{\376\377\000L\000a\000n\000d\000o\000l\000t\000R\000i\000n\000g\000\050\000\051}{section.11.8}% 525
\BOOKMARK [2][-]{subsection.11.8.26}{\376\377\000M\000a\000k\000e\000T\000a\000b\000l\000e\000\050\000\051}{section.11.8}% 526
\BOOKMARK [2][-]{subsection.11.8.27}{\376\377\000S\000h\000o\000w\000O\000b\000j\000e\000c\000t\000\050\000\051}{section.11.8}% 527
\BOOKMARK [2][-]{subsection.11.8.28}{\376\377\000F\000u\000n\000c\000t\000i\000o\000n\000s\000\040\000U\000n\000d\000e\000r\000\040\000I\000n\000v\000e\000s\000t\000i\000g\000a\000t\000i\000o\000n}{section.11.8}% 528
\BOOKMARK [2][-]{subsection.11.8.29}{\376\377\000T\000h\000i\000c\000k\000L\000i\000n\000e\0002\000\050\000\051}{section.11.8}% 529
\BOOKMARK [1][-]{section.11.9}{\376\377\000H\000T\000M\000L\000\040\000L\000i\000b\000r\000a\000r\000y\000\040\000-\000\040\000H\000T\000M\000L\000\040\000G\000e\000n\000e\000r\000a\000t\000i\000o\000n}{chapter.11}% 530
\BOOKMARK [2][-]{subsection.11.9.1}{\376\377\000B\000\050\000\051}{section.11.9}% 531
\BOOKMARK [2][-]{subsection.11.9.2}{\376\377\000B\000R\000\050\000\051}{section.11.9}% 532
\BOOKMARK [2][-]{subsection.11.9.3}{\376\377\000C\000T\000\050\000\051}{section.11.9}% 533
\BOOKMARK [2][-]{subsection.11.9.4}{\376\377\000E\000n\000t\000a\000g\000\050\000\051}{section.11.9}% 534
\BOOKMARK [2][-]{subsection.11.9.5}{\376\377\000H\000\050\000\051}{section.11.9}% 535
\BOOKMARK [2][-]{subsection.11.9.6}{\376\377\000H\000L\000\050\000\051}{section.11.9}% 536
\BOOKMARK [2][-]{subsection.11.9.7}{\376\377\000I\000m\000g\000\050\000\051}{section.11.9}% 537
\BOOKMARK [2][-]{subsection.11.9.8}{\376\377\000M\000a\000k\000e\000D\000i\000v\000P\000a\000g\000e\000\050\000\051}{section.11.9}% 538
\BOOKMARK [2][-]{subsection.11.9.9}{\376\377\000O\000T\000\050\000\051}{section.11.9}% 539
\BOOKMARK [2][-]{subsection.11.9.10}{\376\377\000P\000\050\000\051}{section.11.9}% 540
\BOOKMARK [2][-]{subsection.11.9.11}{\376\377\000P\000a\000g\000e\000\050\000\051}{section.11.9}% 541
\BOOKMARK [2][-]{subsection.11.9.12}{\376\377\000T\000a\000b\000l\000e\000\050\000\051}{section.11.9}% 542
\BOOKMARK [1][-]{section.11.10}{\376\377\000M\000a\000t\000h\000\040\000L\000i\000b\000r\000a\000r\000y\000\040\000-\000\040\000E\000x\000t\000e\000n\000d\000e\000d\000\040\000M\000a\000t\000h\000e\000m\000a\000t\000i\000c\000a\000l}{chapter.11}% 543
\BOOKMARK [2][-]{subsection.11.10.1}{\376\377\000B\000o\000u\000n\000d\000\050\000\051}{section.11.10}% 544
\BOOKMARK [2][-]{subsection.11.10.2}{\376\377\000C\000u\000m\000N\000o\000r\000m\000I\000n\000v\000\050\000\051}{section.11.10}% 545
\BOOKMARK [2][-]{subsection.11.10.3}{\376\377\000C\000u\000m\000S\000u\000m\000\050\000\051}{section.11.10}% 546
\BOOKMARK [2][-]{subsection.11.10.4}{\376\377\000D\000i\000s\000t\000\050\000\051}{section.11.10}% 547
\BOOKMARK [2][-]{subsection.11.10.5}{\376\377\000F\000i\000l\000t\000e\000r\000\050\000\051}{section.11.10}% 548
\BOOKMARK [2][-]{subsection.11.10.6}{\376\377\000M\000a\000t\000c\000h\000\050\000\051}{section.11.10}% 549
\BOOKMARK [2][-]{subsection.11.10.7}{\376\377\000N\000o\000r\000m\000a\000l\000D\000e\000n\000s\000i\000t\000y\000\050\000\051}{section.11.10}% 550
\BOOKMARK [2][-]{subsection.11.10.8}{\376\377\000O\000r\000d\000e\000r\000\050\000\051}{section.11.10}% 551
\BOOKMARK [2][-]{subsection.11.10.9}{\376\377\000R\000a\000n\000k\000\050\000\051}{section.11.10}% 552
\BOOKMARK [2][-]{subsection.11.10.10}{\376\377\000S\000D\000T\000B\000e\000t\000a\000\050\000\051}{section.11.10}% 553
\BOOKMARK [2][-]{subsection.11.10.11}{\376\377\000S\000D\000T\000D\000P\000r\000i\000m\000e\000\050\000\051}{section.11.10}% 554
\BOOKMARK [2][-]{subsection.11.10.12}{\376\377\000S\000u\000m\000\050\000\051}{section.11.10}% 555
\BOOKMARK [2][-]{subsection.11.10.13}{\376\377\000S\000u\000m\000m\000a\000r\000y\000S\000t\000a\000t\000s\000\050\000\051}{section.11.10}% 556
\BOOKMARK [2][-]{subsection.11.10.14}{\376\377\000V\000e\000c\000S\000u\000m\000\050\000\051}{section.11.10}% 557
\BOOKMARK [2][-]{subsection.11.10.15}{\376\377\000V\000e\000c\000T\000i\000m\000e\000s\000\050\000\051}{section.11.10}% 558
\BOOKMARK [2][-]{subsection.11.10.16}{\376\377\000M\000a\000x\000\050\000\051}{section.11.10}% 559
\BOOKMARK [2][-]{subsection.11.10.17}{\376\377\000M\000e\000d\000i\000a\000n\000\050\000\051}{section.11.10}% 560
\BOOKMARK [2][-]{subsection.11.10.18}{\376\377\000M\000i\000n\000\050\000\051}{section.11.10}% 561
\BOOKMARK [2][-]{subsection.11.10.19}{\376\377\000S\000t\000d\000D\000e\000v\000\050\000\051}{section.11.10}% 562
\BOOKMARK [1][-]{section.11.11}{\376\377\000U\000I\000\040\000L\000i\000b\000r\000a\000r\000y\000\040\000-\000\040\000U\000s\000e\000r\000\040\000I\000n\000t\000e\000r\000f\000a\000c\000e}{chapter.11}% 563
\BOOKMARK [2][-]{subsection.11.11.1}{\376\377\000C\000l\000e\000a\000r\000S\000c\000r\000o\000l\000l\000b\000o\000x\000T\000h\000u\000m\000b\000C\000a\000p\000t\000u\000r\000e\000\050\000\051}{section.11.11}% 564
\BOOKMARK [2][-]{subsection.11.11.2}{\376\377\000C\000l\000i\000c\000k\000C\000h\000e\000c\000k\000b\000o\000x\000\050\000\051}{section.11.11}% 565
\BOOKMARK [2][-]{subsection.11.11.3}{\376\377\000C\000l\000i\000c\000k\000O\000n\000M\000e\000n\000u\000\050\000\051}{section.11.11}% 566
\BOOKMARK [2][-]{subsection.11.11.4}{\376\377\000C\000l\000i\000c\000k\000O\000n\000S\000c\000r\000o\000l\000l\000b\000o\000x\000\050\000\051}{section.11.11}% 567
\BOOKMARK [2][-]{subsection.11.11.5}{\376\377\000C\000o\000p\000y\000T\000e\000x\000t\000B\000o\000x\000\050\000\051}{section.11.11}% 568
\BOOKMARK [2][-]{subsection.11.11.6}{\376\377\000D\000r\000a\000w\000P\000u\000l\000l\000d\000o\000w\000n\000\050\000\051}{section.11.11}% 569
\BOOKMARK [2][-]{subsection.11.11.7}{\376\377\000D\000r\000a\000w\000S\000c\000r\000o\000l\000l\000b\000o\000x\000\050\000\051}{section.11.11}% 570
\BOOKMARK [2][-]{subsection.11.11.8}{\376\377\000D\000r\000a\000w\000S\000c\000r\000o\000l\000l\000i\000n\000g\000T\000e\000x\000t\000B\000o\000x\000\050\000\051}{section.11.11}% 571
\BOOKMARK [2][-]{subsection.11.11.9}{\376\377\000E\000d\000i\000t\000S\000c\000r\000o\000l\000l\000b\000o\000x\000V\000a\000l\000u\000e\000\050\000\051}{section.11.11}% 572
\BOOKMARK [2][-]{subsection.11.11.10}{\376\377\000F\000i\000l\000t\000e\000r\000L\000i\000s\000t\000\050\000\051}{section.11.11}% 573
\BOOKMARK [2][-]{subsection.11.11.11}{\376\377\000G\000e\000t\000F\000u\000l\000l\000L\000i\000n\000e\000B\000r\000e\000a\000k\000s\000\050\000\051}{section.11.11}% 574
\BOOKMARK [2][-]{subsection.11.11.12}{\376\377\000I\000n\000s\000i\000d\000e\000M\000e\000n\000u\000\050\000\051}{section.11.11}% 575
\BOOKMARK [2][-]{subsection.11.11.13}{\376\377\000I\000n\000s\000i\000d\000e\000T\000B\000\050\000\051}{section.11.11}% 576
\BOOKMARK [2][-]{subsection.11.11.14}{\376\377\000M\000a\000k\000e\000B\000u\000t\000t\000o\000n\000\050\000\051}{section.11.11}% 577
\BOOKMARK [2][-]{subsection.11.11.15}{\376\377\000M\000a\000k\000e\000C\000h\000e\000c\000k\000b\000o\000x\000\050\000\051}{section.11.11}% 578
\BOOKMARK [2][-]{subsection.11.11.16}{\376\377\000M\000a\000k\000e\000M\000e\000n\000u\000\050\000\051}{section.11.11}% 579
\BOOKMARK [2][-]{subsection.11.11.17}{\376\377\000M\000a\000k\000e\000M\000e\000n\000u\000I\000t\000e\000m\000\050\000\051}{section.11.11}% 580
\BOOKMARK [2][-]{subsection.11.11.18}{\376\377\000M\000a\000k\000e\000P\000u\000l\000l\000d\000o\000w\000n\000\050\000\051}{section.11.11}% 581
\BOOKMARK [2][-]{subsection.11.11.19}{\376\377\000M\000a\000k\000e\000S\000c\000r\000o\000l\000l\000B\000o\000x\000\050\000\051}{section.11.11}% 582
\BOOKMARK [2][-]{subsection.11.11.20}{\376\377\000M\000a\000k\000e\000S\000c\000r\000o\000l\000l\000i\000n\000g\000T\000e\000x\000t\000B\000o\000x\000\050\000\051}{section.11.11}% 583
\BOOKMARK [2][-]{subsection.11.11.21}{\376\377\000M\000a\000k\000e\000T\000e\000x\000t\000L\000i\000s\000t\000\050\000\051}{section.11.11}% 584
\BOOKMARK [2][-]{subsection.11.11.22}{\376\377\000O\000p\000e\000n\000S\000u\000b\000M\000e\000n\000u\000s\000\050\000\051}{section.11.11}% 585
\BOOKMARK [2][-]{subsection.11.11.23}{\376\377\000P\000a\000s\000t\000e\000T\000e\000x\000t\000B\000o\000x\000\050\000\051}{section.11.11}% 586
\BOOKMARK [2][-]{subsection.11.11.24}{\376\377\000P\000o\000p\000U\000p\000E\000n\000t\000r\000y\000B\000o\000x\000\050\000\051}{section.11.11}% 587
\BOOKMARK [2][-]{subsection.11.11.25}{\376\377\000P\000o\000p\000u\000p\000M\000e\000s\000s\000a\000g\000e\000B\000o\000x\000\050\000\051}{section.11.11}% 588
\BOOKMARK [2][-]{subsection.11.11.26}{\376\377\000P\000u\000s\000h\000B\000u\000t\000t\000o\000n\000\050\000\051}{section.11.11}% 589
\BOOKMARK [2][-]{subsection.11.11.27}{\376\377\000P\000u\000l\000l\000d\000o\000w\000n\000\050\000\051}{section.11.11}% 590
\BOOKMARK [2][-]{subsection.11.11.28}{\376\377\000S\000e\000t\000S\000c\000r\000o\000l\000l\000i\000n\000g\000T\000e\000x\000t\000\050\000\051}{section.11.11}% 591
\BOOKMARK [2][-]{subsection.11.11.29}{\376\377\000S\000e\000t\000C\000h\000e\000c\000k\000b\000o\000x\000\050\000\051}{section.11.11}% 592
\BOOKMARK [2][-]{subsection.11.11.30}{\376\377\000S\000e\000t\000T\000e\000x\000t\000B\000o\000x\000C\000u\000r\000s\000o\000r\000F\000r\000o\000m\000C\000l\000i\000c\000k\000\050\000\051}{section.11.11}% 593
\BOOKMARK [0][-]{chapter.12}{\376\377\000C\000o\000l\000o\000r\000\040\000N\000a\000m\000e\000\040\000R\000e\000f\000e\000r\000e\000n\000c\000e}{}% 594
